

Started GET "/?keyword=apple%20pie" for 127.0.0.1 at 2014-07-14 04:29:05 -0500
Processing by RecipesController#index as HTML
  Parameters: {"keyword"=>"apple pie"}
Completed 500 Internal Server Error in 12ms

NameError (uninitialized constant RecipesController::Recipes):
  app/controllers/recipes_controller.rb:4:in `index'


  Rendered C:/RailsInstaller/Ruby1.9.3/lib/ruby/gems/1.9.1/gems/actionpack-4.1.1/lib/action_dispatch/middleware/templates/rescues/_source.erb (1.0ms)
  Rendered C:/RailsInstaller/Ruby1.9.3/lib/ruby/gems/1.9.1/gems/actionpack-4.1.1/lib/action_dispatch/middleware/templates/rescues/_trace.html.erb (1.0ms)
  Rendered C:/RailsInstaller/Ruby1.9.3/lib/ruby/gems/1.9.1/gems/actionpack-4.1.1/lib/action_dispatch/middleware/templates/rescues/_request_and_response.html.erb (1.0ms)
  Rendered C:/RailsInstaller/Ruby1.9.3/lib/ruby/gems/1.9.1/gems/actionpack-4.1.1/lib/action_dispatch/middleware/templates/rescues/diagnostics.erb within rescues/layout (22.0ms)


Started GET "/" for 127.0.0.1 at 2014-07-14 04:35:18 -0500
Processing by RecipesController#index as HTML
Completed 500 Internal Server Error in 2ms

NameError (uninitialized constant RecipesController::Recipes):
  app/controllers/recipes_controller.rb:4:in `index'


  Rendered C:/RailsInstaller/Ruby1.9.3/lib/ruby/gems/1.9.1/gems/actionpack-4.1.1/lib/action_dispatch/middleware/templates/rescues/_source.erb (1.0ms)
  Rendered C:/RailsInstaller/Ruby1.9.3/lib/ruby/gems/1.9.1/gems/actionpack-4.1.1/lib/action_dispatch/middleware/templates/rescues/_trace.html.erb (1.0ms)
  Rendered C:/RailsInstaller/Ruby1.9.3/lib/ruby/gems/1.9.1/gems/actionpack-4.1.1/lib/action_dispatch/middleware/templates/rescues/_request_and_response.html.erb (1.0ms)
  Rendered C:/RailsInstaller/Ruby1.9.3/lib/ruby/gems/1.9.1/gems/actionpack-4.1.1/lib/action_dispatch/middleware/templates/rescues/diagnostics.erb within rescues/layout (31.0ms)


Started GET "/" for 127.0.0.1 at 2014-07-14 04:35:27 -0500
Processing by RecipesController#index as HTML
Completed 500 Internal Server Error in 2ms

NameError (uninitialized constant RecipesController::Recipes):
  app/controllers/recipes_controller.rb:4:in `index'


  Rendered C:/RailsInstaller/Ruby1.9.3/lib/ruby/gems/1.9.1/gems/actionpack-4.1.1/lib/action_dispatch/middleware/templates/rescues/_source.erb (0.0ms)
  Rendered C:/RailsInstaller/Ruby1.9.3/lib/ruby/gems/1.9.1/gems/actionpack-4.1.1/lib/action_dispatch/middleware/templates/rescues/_trace.html.erb (1.0ms)
  Rendered C:/RailsInstaller/Ruby1.9.3/lib/ruby/gems/1.9.1/gems/actionpack-4.1.1/lib/action_dispatch/middleware/templates/rescues/_request_and_response.html.erb (0.0ms)
  Rendered C:/RailsInstaller/Ruby1.9.3/lib/ruby/gems/1.9.1/gems/actionpack-4.1.1/lib/action_dispatch/middleware/templates/rescues/diagnostics.erb within rescues/layout (21.0ms)


Started GET "/" for 127.0.0.1 at 2014-07-14 04:35:35 -0500
Processing by RecipesController#index as HTML
Completed 500 Internal Server Error in 2ms

NameError (uninitialized constant RecipesController::Recipes):
  app/controllers/recipes_controller.rb:4:in `index'


  Rendered C:/RailsInstaller/Ruby1.9.3/lib/ruby/gems/1.9.1/gems/actionpack-4.1.1/lib/action_dispatch/middleware/templates/rescues/_source.erb (0.0ms)
  Rendered C:/RailsInstaller/Ruby1.9.3/lib/ruby/gems/1.9.1/gems/actionpack-4.1.1/lib/action_dispatch/middleware/templates/rescues/_trace.html.erb (0.0ms)
  Rendered C:/RailsInstaller/Ruby1.9.3/lib/ruby/gems/1.9.1/gems/actionpack-4.1.1/lib/action_dispatch/middleware/templates/rescues/_request_and_response.html.erb (0.0ms)
  Rendered C:/RailsInstaller/Ruby1.9.3/lib/ruby/gems/1.9.1/gems/actionpack-4.1.1/lib/action_dispatch/middleware/templates/rescues/diagnostics.erb within rescues/layout (20.0ms)


Started GET "/" for 127.0.0.1 at 2014-07-14 04:35:58 -0500
Processing by RecipesController#index as HTML
  Rendered recipes/index.html.erb within layouts/application (4.0ms)
Completed 500 Internal Server Error in 310ms

ActionView::Template::Error (can't convert String into Integer):
     7: 	</tr>
     8: 	<% @recs.each do |rec| %>
     9: 	<tr class="<%= cycle('even', 'odd') %>">
    10: 		<td><%= link_to img_tag(rec["thumbnail"]), rec["link"] %></td>
    11: 		<td><%= link_to raw(rec["title"]),  rec["link"], class:"special_link" %></td>
    12: 		<td><%= raw(rec["ingredients"]) %></td>
    13: 		
  app/views/recipes/index.html.erb:10:in `[]'
  app/views/recipes/index.html.erb:10:in `block in _app_views_recipes_index_html_erb___520730591_37853856'
  app/views/recipes/index.html.erb:8:in `_app_views_recipes_index_html_erb___520730591_37853856'


  Rendered C:/RailsInstaller/Ruby1.9.3/lib/ruby/gems/1.9.1/gems/actionpack-4.1.1/lib/action_dispatch/middleware/templates/rescues/_trace.html.erb (2.0ms)
  Rendered C:/RailsInstaller/Ruby1.9.3/lib/ruby/gems/1.9.1/gems/actionpack-4.1.1/lib/action_dispatch/middleware/templates/rescues/_request_and_response.html.erb (2.0ms)
  Rendered C:/RailsInstaller/Ruby1.9.3/lib/ruby/gems/1.9.1/gems/actionpack-4.1.1/lib/action_dispatch/middleware/templates/rescues/template_error.html.erb within rescues/layout (26.0ms)


Started GET "/" for 127.0.0.1 at 2014-07-14 04:36:40 -0500
Processing by RecipesController#index as HTML
  Rendered recipes/index.html.erb within layouts/application (4.0ms)
Completed 500 Internal Server Error in 282ms

ActionView::Template::Error (can't convert String into Integer):
     7: 	</tr>
     8: 	<% @recs.each do |rec| %>
     9: 	<tr class="<%= cycle('even', 'odd') %>">
    10: 		<td><%= link_to img_tag rec["thumbnail"] , rec["link"] %></td>
    11: 		<td><%= link_to raw rec["title"] ,  rec["link"], class:"special_link" %></td>
    12: 		<td><%= raw rec["ingredients"]  %></td>
    13: 		
  app/views/recipes/index.html.erb:10:in `[]'
  app/views/recipes/index.html.erb:10:in `block in _app_views_recipes_index_html_erb___520730591_33763572'
  app/views/recipes/index.html.erb:8:in `_app_views_recipes_index_html_erb___520730591_33763572'


  Rendered C:/RailsInstaller/Ruby1.9.3/lib/ruby/gems/1.9.1/gems/actionpack-4.1.1/lib/action_dispatch/middleware/templates/rescues/_trace.html.erb (1.0ms)
  Rendered C:/RailsInstaller/Ruby1.9.3/lib/ruby/gems/1.9.1/gems/actionpack-4.1.1/lib/action_dispatch/middleware/templates/rescues/_request_and_response.html.erb (1.0ms)
  Rendered C:/RailsInstaller/Ruby1.9.3/lib/ruby/gems/1.9.1/gems/actionpack-4.1.1/lib/action_dispatch/middleware/templates/rescues/template_error.html.erb within rescues/layout (19.0ms)


Started GET "/" for 127.0.0.1 at 2014-07-14 04:36:44 -0500
Processing by RecipesController#index as HTML
  Rendered recipes/index.html.erb within layouts/application (2.0ms)
Completed 500 Internal Server Error in 249ms

ActionView::Template::Error (can't convert String into Integer):
     7: 	</tr>
     8: 	<% @recs.each do |rec| %>
     9: 	<tr class="<%= cycle('even', 'odd') %>">
    10: 		<td><%= link_to img_tag rec["thumbnail"] , rec["link"] %></td>
    11: 		<td><%= link_to raw rec["title"] ,  rec["link"], class:"special_link" %></td>
    12: 		<td><%= raw rec["ingredients"]  %></td>
    13: 		
  app/views/recipes/index.html.erb:10:in `[]'
  app/views/recipes/index.html.erb:10:in `block in _app_views_recipes_index_html_erb___520730591_33763572'
  app/views/recipes/index.html.erb:8:in `_app_views_recipes_index_html_erb___520730591_33763572'


  Rendered C:/RailsInstaller/Ruby1.9.3/lib/ruby/gems/1.9.1/gems/actionpack-4.1.1/lib/action_dispatch/middleware/templates/rescues/_trace.html.erb (1.0ms)
  Rendered C:/RailsInstaller/Ruby1.9.3/lib/ruby/gems/1.9.1/gems/actionpack-4.1.1/lib/action_dispatch/middleware/templates/rescues/_request_and_response.html.erb (1.0ms)
  Rendered C:/RailsInstaller/Ruby1.9.3/lib/ruby/gems/1.9.1/gems/actionpack-4.1.1/lib/action_dispatch/middleware/templates/rescues/template_error.html.erb within rescues/layout (29.0ms)


Started GET "/" for 127.0.0.1 at 2014-07-14 04:37:12 -0500
Processing by RecipesController#index as HTML
  Rendered recipes/index.html.erb within layouts/application (3.0ms)
Completed 500 Internal Server Error in 253ms

ActionView::Template::Error (can't convert String into Integer):
     7: 	</tr>
     8: 	<% @recs.each do |rec| %>
     9: 	<tr class="<%= cycle('even', 'odd') %>">
    10: 		<td><%= img_tag rec["thumbnail"] %></td>
    11: 		<td><%= link_to raw rec["title"] ,  rec["link"], class:"special_link" %></td>
    12: 		<td><%= raw rec["ingredients"]  %></td>
    13: 		
  app/views/recipes/index.html.erb:10:in `[]'
  app/views/recipes/index.html.erb:10:in `block in _app_views_recipes_index_html_erb___520730591_33293784'
  app/views/recipes/index.html.erb:8:in `_app_views_recipes_index_html_erb___520730591_33293784'


  Rendered C:/RailsInstaller/Ruby1.9.3/lib/ruby/gems/1.9.1/gems/actionpack-4.1.1/lib/action_dispatch/middleware/templates/rescues/_trace.html.erb (1.0ms)
  Rendered C:/RailsInstaller/Ruby1.9.3/lib/ruby/gems/1.9.1/gems/actionpack-4.1.1/lib/action_dispatch/middleware/templates/rescues/_request_and_response.html.erb (1.0ms)
  Rendered C:/RailsInstaller/Ruby1.9.3/lib/ruby/gems/1.9.1/gems/actionpack-4.1.1/lib/action_dispatch/middleware/templates/rescues/template_error.html.erb within rescues/layout (17.0ms)


Started GET "/" for 127.0.0.1 at 2014-07-14 04:41:54 -0500
Processing by RecipesController#index as HTML
  Rendered recipes/index.html.erb within layouts/application (6.0ms)
Completed 500 Internal Server Error in 267ms

ActionView::Template::Error (can't convert String into Integer):
     8: 	</tr>
     9: 	<% @recs.each do |rec| %>
    10: 	<tr class="<%= cycle('even', 'odd') %>">
    11: 		<td><%= img_tag rec["thumbnail"] %></td>
    12: 		<td><%= link_to raw rec["title"] ,  rec["link"], class:"special_link" %></td>
    13: 		<td><%= raw rec["ingredients"]  %></td>
    14: 		
  app/views/recipes/index.html.erb:11:in `[]'
  app/views/recipes/index.html.erb:11:in `block in _app_views_recipes_index_html_erb___520730591_37276464'
  app/views/recipes/index.html.erb:9:in `_app_views_recipes_index_html_erb___520730591_37276464'


  Rendered C:/RailsInstaller/Ruby1.9.3/lib/ruby/gems/1.9.1/gems/actionpack-4.1.1/lib/action_dispatch/middleware/templates/rescues/_trace.html.erb (2.0ms)
  Rendered C:/RailsInstaller/Ruby1.9.3/lib/ruby/gems/1.9.1/gems/actionpack-4.1.1/lib/action_dispatch/middleware/templates/rescues/_request_and_response.html.erb (1.0ms)
  Rendered C:/RailsInstaller/Ruby1.9.3/lib/ruby/gems/1.9.1/gems/actionpack-4.1.1/lib/action_dispatch/middleware/templates/rescues/template_error.html.erb within rescues/layout (24.0ms)


Started GET "/" for 127.0.0.1 at 2014-07-14 04:42:22 -0500
Processing by RecipesController#index as HTML
  Rendered recipes/index.html.erb within layouts/application (4.0ms)
Completed 500 Internal Server Error in 254ms

ActionView::Template::Error (can't convert String into Integer):
     8: 	</tr>
     9: 	<% @recs.each do |rec| %>
    10: 	<tr class="<%= cycle('even', 'odd') %>">
    11: 		<td><%= img_tag rec["thumbnail"] %></td>
    12: 		<td><%= link_to raw rec["title"] ,  rec["link"], class:"special_link" %></td>
    13: 		<td><%= raw rec["ingredients"]  %></td>
    14: 		
  app/views/recipes/index.html.erb:11:in `[]'
  app/views/recipes/index.html.erb:11:in `block in _app_views_recipes_index_html_erb___520730591_37276464'
  app/views/recipes/index.html.erb:9:in `_app_views_recipes_index_html_erb___520730591_37276464'


  Rendered C:/RailsInstaller/Ruby1.9.3/lib/ruby/gems/1.9.1/gems/actionpack-4.1.1/lib/action_dispatch/middleware/templates/rescues/_trace.html.erb (1.0ms)
  Rendered C:/RailsInstaller/Ruby1.9.3/lib/ruby/gems/1.9.1/gems/actionpack-4.1.1/lib/action_dispatch/middleware/templates/rescues/_request_and_response.html.erb (0.0ms)
  Rendered C:/RailsInstaller/Ruby1.9.3/lib/ruby/gems/1.9.1/gems/actionpack-4.1.1/lib/action_dispatch/middleware/templates/rescues/template_error.html.erb within rescues/layout (18.0ms)


Started GET "/" for 127.0.0.1 at 2014-07-14 04:42:25 -0500
Processing by RecipesController#index as HTML
  Rendered recipes/index.html.erb within layouts/application (4.0ms)
Completed 500 Internal Server Error in 289ms

ActionView::Template::Error (can't convert String into Integer):
     8: 	</tr>
     9: 	<% @recs.each do |rec| %>
    10: 	<tr class="<%= cycle('even', 'odd') %>">
    11: 		<td><%= img_tag rec["thumbnail"] %></td>
    12: 		<td><%= link_to raw rec["title"] ,  rec["link"], class:"special_link" %></td>
    13: 		<td><%= raw rec["ingredients"]  %></td>
    14: 		
  app/views/recipes/index.html.erb:11:in `[]'
  app/views/recipes/index.html.erb:11:in `block in _app_views_recipes_index_html_erb___520730591_37276464'
  app/views/recipes/index.html.erb:9:in `_app_views_recipes_index_html_erb___520730591_37276464'


  Rendered C:/RailsInstaller/Ruby1.9.3/lib/ruby/gems/1.9.1/gems/actionpack-4.1.1/lib/action_dispatch/middleware/templates/rescues/_trace.html.erb (2.0ms)
  Rendered C:/RailsInstaller/Ruby1.9.3/lib/ruby/gems/1.9.1/gems/actionpack-4.1.1/lib/action_dispatch/middleware/templates/rescues/_request_and_response.html.erb (1.0ms)
  Rendered C:/RailsInstaller/Ruby1.9.3/lib/ruby/gems/1.9.1/gems/actionpack-4.1.1/lib/action_dispatch/middleware/templates/rescues/template_error.html.erb within rescues/layout (21.0ms)


Started GET "/" for 127.0.0.1 at 2014-07-14 04:42:29 -0500
Processing by RecipesController#index as HTML
  Rendered recipes/index.html.erb within layouts/application (3.0ms)
Completed 500 Internal Server Error in 254ms

ActionView::Template::Error (can't convert String into Integer):
     9: 	<% @recs.each do |rec| %>
    10: 	<tr class="<%= cycle('even', 'odd') %>">
    11: 		<td></td>
    12: 		<td><%= link_to raw rec["title"] ,  rec["link"], class:"special_link" %></td>
    13: 		<td><%= raw rec["ingredients"]  %></td>
    14: 		
    15: 	</tr>
  app/views/recipes/index.html.erb:12:in `[]'
  app/views/recipes/index.html.erb:12:in `block in _app_views_recipes_index_html_erb___520730591_42015132'
  app/views/recipes/index.html.erb:9:in `_app_views_recipes_index_html_erb___520730591_42015132'


  Rendered C:/RailsInstaller/Ruby1.9.3/lib/ruby/gems/1.9.1/gems/actionpack-4.1.1/lib/action_dispatch/middleware/templates/rescues/_trace.html.erb (1.0ms)
  Rendered C:/RailsInstaller/Ruby1.9.3/lib/ruby/gems/1.9.1/gems/actionpack-4.1.1/lib/action_dispatch/middleware/templates/rescues/_request_and_response.html.erb (1.0ms)
  Rendered C:/RailsInstaller/Ruby1.9.3/lib/ruby/gems/1.9.1/gems/actionpack-4.1.1/lib/action_dispatch/middleware/templates/rescues/template_error.html.erb within rescues/layout (15.0ms)


Started GET "/" for 127.0.0.1 at 2014-07-14 04:42:33 -0500
Processing by RecipesController#index as HTML
  Rendered recipes/index.html.erb within layouts/application (1.0ms)
Completed 500 Internal Server Error in 242ms

ActionView::Template::Error (can't convert String into Integer):
     9: 	<% @recs.each do |rec| %>
    10: 	<tr class="<%= cycle('even', 'odd') %>">
    11: 		<td></td>
    12: 		<td><%= link_to raw rec["title"] ,  rec["link"], class:"special_link" %></td>
    13: 		<td><%= raw rec["ingredients"]  %></td>
    14: 		
    15: 	</tr>
  app/views/recipes/index.html.erb:12:in `[]'
  app/views/recipes/index.html.erb:12:in `block in _app_views_recipes_index_html_erb___520730591_42015132'
  app/views/recipes/index.html.erb:9:in `_app_views_recipes_index_html_erb___520730591_42015132'


  Rendered C:/RailsInstaller/Ruby1.9.3/lib/ruby/gems/1.9.1/gems/actionpack-4.1.1/lib/action_dispatch/middleware/templates/rescues/_trace.html.erb (1.0ms)
  Rendered C:/RailsInstaller/Ruby1.9.3/lib/ruby/gems/1.9.1/gems/actionpack-4.1.1/lib/action_dispatch/middleware/templates/rescues/_request_and_response.html.erb (1.0ms)
  Rendered C:/RailsInstaller/Ruby1.9.3/lib/ruby/gems/1.9.1/gems/actionpack-4.1.1/lib/action_dispatch/middleware/templates/rescues/template_error.html.erb within rescues/layout (13.0ms)


Started GET "/" for 127.0.0.1 at 2014-07-14 04:43:39 -0500
Processing by RecipesController#index as HTML
  Rendered recipes/index.html.erb within layouts/application (5.0ms)
Completed 500 Internal Server Error in 269ms

ActionView::Template::Error (can't convert String into Integer):
     9: 	<% @recs.each do |rec| %>
    10: 	<tr class="<%= cycle('even', 'odd') %>">
    11: 		<td></td>
    12: 		<td><%= link_to sanitize rec["title"] ,  rec["link"], class:"special_link" %></td>
    13: 		<td><%= sanitize rec["ingredients"]  %></td>
    14: 		
    15: 	</tr>
  app/views/recipes/index.html.erb:12:in `[]'
  app/views/recipes/index.html.erb:12:in `block in _app_views_recipes_index_html_erb___520730591_37311084'
  app/views/recipes/index.html.erb:9:in `_app_views_recipes_index_html_erb___520730591_37311084'


  Rendered C:/RailsInstaller/Ruby1.9.3/lib/ruby/gems/1.9.1/gems/actionpack-4.1.1/lib/action_dispatch/middleware/templates/rescues/_trace.html.erb (1.0ms)
  Rendered C:/RailsInstaller/Ruby1.9.3/lib/ruby/gems/1.9.1/gems/actionpack-4.1.1/lib/action_dispatch/middleware/templates/rescues/_request_and_response.html.erb (1.0ms)
  Rendered C:/RailsInstaller/Ruby1.9.3/lib/ruby/gems/1.9.1/gems/actionpack-4.1.1/lib/action_dispatch/middleware/templates/rescues/template_error.html.erb within rescues/layout (27.0ms)


Started GET "/" for 127.0.0.1 at 2014-07-14 04:45:18 -0500
Processing by RecipesController#index as HTML
  Rendered recipes/index.html.erb within layouts/application (5.0ms)
Completed 500 Internal Server Error in 277ms

ActionView::Template::Error (can't convert String into Integer):
     9: 	<% @recs.each do |rec| %>
    10: 	<tr class="<%= cycle('even', 'odd') %>">
    11: 		<td></td>
    12: 		<td><%=rec["title"] %></td>
    13: 		<td><%= sanitize rec["ingredients"]  %></td>
    14: 		
    15: 	</tr>
  app/views/recipes/index.html.erb:12:in `[]'
  app/views/recipes/index.html.erb:12:in `block in _app_views_recipes_index_html_erb___520730591_33328248'
  app/views/recipes/index.html.erb:9:in `_app_views_recipes_index_html_erb___520730591_33328248'


  Rendered C:/RailsInstaller/Ruby1.9.3/lib/ruby/gems/1.9.1/gems/actionpack-4.1.1/lib/action_dispatch/middleware/templates/rescues/_trace.html.erb (1.0ms)
  Rendered C:/RailsInstaller/Ruby1.9.3/lib/ruby/gems/1.9.1/gems/actionpack-4.1.1/lib/action_dispatch/middleware/templates/rescues/_request_and_response.html.erb (1.0ms)
  Rendered C:/RailsInstaller/Ruby1.9.3/lib/ruby/gems/1.9.1/gems/actionpack-4.1.1/lib/action_dispatch/middleware/templates/rescues/template_error.html.erb within rescues/layout (16.0ms)


Started GET "/" for 127.0.0.1 at 2014-07-14 04:45:20 -0500
Processing by RecipesController#index as HTML
  Rendered recipes/index.html.erb within layouts/application (3.0ms)
Completed 500 Internal Server Error in 248ms

ActionView::Template::Error (can't convert String into Integer):
     9: 	<% @recs.each do |rec| %>
    10: 	<tr class="<%= cycle('even', 'odd') %>">
    11: 		<td></td>
    12: 		<td><%=rec["title"] %></td>
    13: 		<td><%= sanitize rec["ingredients"]  %></td>
    14: 		
    15: 	</tr>
  app/views/recipes/index.html.erb:12:in `[]'
  app/views/recipes/index.html.erb:12:in `block in _app_views_recipes_index_html_erb___520730591_33328248'
  app/views/recipes/index.html.erb:9:in `_app_views_recipes_index_html_erb___520730591_33328248'


  Rendered C:/RailsInstaller/Ruby1.9.3/lib/ruby/gems/1.9.1/gems/actionpack-4.1.1/lib/action_dispatch/middleware/templates/rescues/_trace.html.erb (1.0ms)
  Rendered C:/RailsInstaller/Ruby1.9.3/lib/ruby/gems/1.9.1/gems/actionpack-4.1.1/lib/action_dispatch/middleware/templates/rescues/_request_and_response.html.erb (1.0ms)
  Rendered C:/RailsInstaller/Ruby1.9.3/lib/ruby/gems/1.9.1/gems/actionpack-4.1.1/lib/action_dispatch/middleware/templates/rescues/template_error.html.erb within rescues/layout (20.0ms)


Started GET "/" for 127.0.0.1 at 2014-07-14 04:45:22 -0500
Processing by RecipesController#index as HTML
  Rendered recipes/index.html.erb within layouts/application (4.0ms)
Completed 500 Internal Server Error in 463ms

ActionView::Template::Error (can't convert String into Integer):
     9: 	<% @recs.each do |rec| %>
    10: 	<tr class="<%= cycle('even', 'odd') %>">
    11: 		<td></td>
    12: 		<td><%=rec["title"] %></td>
    13: 		<td><%= sanitize rec["ingredients"]  %></td>
    14: 		
    15: 	</tr>
  app/views/recipes/index.html.erb:12:in `[]'
  app/views/recipes/index.html.erb:12:in `block in _app_views_recipes_index_html_erb___520730591_33328248'
  app/views/recipes/index.html.erb:9:in `_app_views_recipes_index_html_erb___520730591_33328248'


  Rendered C:/RailsInstaller/Ruby1.9.3/lib/ruby/gems/1.9.1/gems/actionpack-4.1.1/lib/action_dispatch/middleware/templates/rescues/_trace.html.erb (2.0ms)
  Rendered C:/RailsInstaller/Ruby1.9.3/lib/ruby/gems/1.9.1/gems/actionpack-4.1.1/lib/action_dispatch/middleware/templates/rescues/_request_and_response.html.erb (1.0ms)
  Rendered C:/RailsInstaller/Ruby1.9.3/lib/ruby/gems/1.9.1/gems/actionpack-4.1.1/lib/action_dispatch/middleware/templates/rescues/template_error.html.erb within rescues/layout (27.0ms)


Started GET "/" for 127.0.0.1 at 2014-07-14 04:51:33 -0500
Processing by RecipesController#index as HTML
  Rendered recipes/index.html.erb within layouts/application (3.0ms)
Completed 500 Internal Server Error in 253ms

ActionView::Template::Error (795: unexpected token at 'Disallowed key characters in global data.'):
     6: 		<th>Recipe</th>
     7: 		<th>Ingredients</th>
     8: 	</tr>
     9: 	<% @recs.each do |rec| %>
    10: 	<tr class="<%= cycle('even', 'odd') %>">
    11: 		<td></td>
    12: 		<td><%=rec["title"] %></td>
  app/views/recipes/index.html.erb:9:in `_app_views_recipes_index_html_erb___520730591_33328248'


  Rendered C:/RailsInstaller/Ruby1.9.3/lib/ruby/gems/1.9.1/gems/actionpack-4.1.1/lib/action_dispatch/middleware/templates/rescues/_trace.html.erb (1.0ms)
  Rendered C:/RailsInstaller/Ruby1.9.3/lib/ruby/gems/1.9.1/gems/actionpack-4.1.1/lib/action_dispatch/middleware/templates/rescues/_request_and_response.html.erb (0.0ms)
  Rendered C:/RailsInstaller/Ruby1.9.3/lib/ruby/gems/1.9.1/gems/actionpack-4.1.1/lib/action_dispatch/middleware/templates/rescues/template_error.html.erb within rescues/layout (14.0ms)


Started GET "/" for 127.0.0.1 at 2014-07-14 04:54:42 -0500
Processing by RecipesController#index as HTML
  Rendered recipes/index.html.erb within layouts/application (2.0ms)
Completed 500 Internal Server Error in 269ms

ActionView::Template::Error (can't convert String into Integer):
     9: 	<% @recs.each do |rec| %>
    10: 	<tr class="<%= cycle('even', 'odd') %>">
    11: 		<td></td>
    12: 		<td><%=rec["title"] %></td>
    13: 		<td><%= sanitize rec["ingredients"]  %></td>
    14: 		
    15: 	</tr>
  app/views/recipes/index.html.erb:12:in `[]'
  app/views/recipes/index.html.erb:12:in `block in _app_views_recipes_index_html_erb___520730591_33328248'
  app/views/recipes/index.html.erb:9:in `_app_views_recipes_index_html_erb___520730591_33328248'


  Rendered C:/RailsInstaller/Ruby1.9.3/lib/ruby/gems/1.9.1/gems/actionpack-4.1.1/lib/action_dispatch/middleware/templates/rescues/_trace.html.erb (2.0ms)
  Rendered C:/RailsInstaller/Ruby1.9.3/lib/ruby/gems/1.9.1/gems/actionpack-4.1.1/lib/action_dispatch/middleware/templates/rescues/_request_and_response.html.erb (13.0ms)
  Rendered C:/RailsInstaller/Ruby1.9.3/lib/ruby/gems/1.9.1/gems/actionpack-4.1.1/lib/action_dispatch/middleware/templates/rescues/template_error.html.erb within rescues/layout (34.0ms)


Started GET "/" for 127.0.0.1 at 2014-07-14 04:55:34 -0500
Processing by RecipesController#index as HTML
  Rendered recipes/index.html.erb within layouts/application (5.0ms)
Completed 500 Internal Server Error in 279ms

ActionView::Template::Error (can't convert String into Integer):
     9: 	<% @recs.each do |rec| %>
    10: 	<tr class="<%= cycle('even', 'odd') %>">
    11: 		<td></td>
    12: 		<td><%=rec["title"] %></td>
    13: 		<td><%= rec["ingredients"]  %></td>
    14: 		
    15: 	</tr>
  app/views/recipes/index.html.erb:12:in `[]'
  app/views/recipes/index.html.erb:12:in `block in _app_views_recipes_index_html_erb___520730591_33321816'
  app/views/recipes/index.html.erb:9:in `_app_views_recipes_index_html_erb___520730591_33321816'


  Rendered C:/RailsInstaller/Ruby1.9.3/lib/ruby/gems/1.9.1/gems/actionpack-4.1.1/lib/action_dispatch/middleware/templates/rescues/_trace.html.erb (2.0ms)
  Rendered C:/RailsInstaller/Ruby1.9.3/lib/ruby/gems/1.9.1/gems/actionpack-4.1.1/lib/action_dispatch/middleware/templates/rescues/_request_and_response.html.erb (1.0ms)
  Rendered C:/RailsInstaller/Ruby1.9.3/lib/ruby/gems/1.9.1/gems/actionpack-4.1.1/lib/action_dispatch/middleware/templates/rescues/template_error.html.erb within rescues/layout (29.0ms)


Started GET "/" for 127.0.0.1 at 2014-07-14 04:55:37 -0500
Processing by RecipesController#index as HTML
  Rendered recipes/index.html.erb within layouts/application (2.0ms)
Completed 500 Internal Server Error in 238ms

ActionView::Template::Error (can't convert String into Integer):
     9: 	<% @recs.each do |rec| %>
    10: 	<tr class="<%= cycle('even', 'odd') %>">
    11: 		<td></td>
    12: 		<td><%=rec["title"] %></td>
    13: 		<td><%= rec["ingredients"]  %></td>
    14: 		
    15: 	</tr>
  app/views/recipes/index.html.erb:12:in `[]'
  app/views/recipes/index.html.erb:12:in `block in _app_views_recipes_index_html_erb___520730591_33321816'
  app/views/recipes/index.html.erb:9:in `_app_views_recipes_index_html_erb___520730591_33321816'


  Rendered C:/RailsInstaller/Ruby1.9.3/lib/ruby/gems/1.9.1/gems/actionpack-4.1.1/lib/action_dispatch/middleware/templates/rescues/_trace.html.erb (1.0ms)
  Rendered C:/RailsInstaller/Ruby1.9.3/lib/ruby/gems/1.9.1/gems/actionpack-4.1.1/lib/action_dispatch/middleware/templates/rescues/_request_and_response.html.erb (0.0ms)
  Rendered C:/RailsInstaller/Ruby1.9.3/lib/ruby/gems/1.9.1/gems/actionpack-4.1.1/lib/action_dispatch/middleware/templates/rescues/template_error.html.erb within rescues/layout (13.0ms)


Started GET "/" for 127.0.0.1 at 2014-07-14 05:05:10 -0500
Processing by RecipesController#index as HTML
  Rendered recipes/index.html.erb within layouts/application (4.0ms)
Completed 500 Internal Server Error in 276ms

ActionView::Template::Error (can't convert String into Integer):
     9: 	<% @recs.each do |rec| %>
    10: 	<tr class="<%= cycle('even', 'odd') %>">
    11: 		<td></td>
    12: 		<td><%=rec["title"] %></td>
    13: 		<td><%= rec["ingredients"]  %></td>
    14: 		
    15: 	</tr>
  app/views/recipes/index.html.erb:12:in `[]'
  app/views/recipes/index.html.erb:12:in `block in _app_views_recipes_index_html_erb___520730591_33321816'
  app/views/recipes/index.html.erb:9:in `_app_views_recipes_index_html_erb___520730591_33321816'


  Rendered C:/RailsInstaller/Ruby1.9.3/lib/ruby/gems/1.9.1/gems/actionpack-4.1.1/lib/action_dispatch/middleware/templates/rescues/_trace.html.erb (1.0ms)
  Rendered C:/RailsInstaller/Ruby1.9.3/lib/ruby/gems/1.9.1/gems/actionpack-4.1.1/lib/action_dispatch/middleware/templates/rescues/_request_and_response.html.erb (1.0ms)
  Rendered C:/RailsInstaller/Ruby1.9.3/lib/ruby/gems/1.9.1/gems/actionpack-4.1.1/lib/action_dispatch/middleware/templates/rescues/template_error.html.erb within rescues/layout (24.0ms)


Started GET "/" for 127.0.0.1 at 2014-07-14 05:08:05 -0500
Processing by RecipesController#index as HTML
  Rendered recipes/index.html.erb within layouts/application (3.0ms)
Completed 500 Internal Server Error in 267ms

ActionView::Template::Error (can't convert String into Integer):
     9: 	<% @recs.each do |rec| %>
    10: 	<tr class="<%= cycle('even', 'odd') %>">
    11: 		<td></td>
    12: 		<td><%=rec["title"] %></td>
    13: 		<td><%= rec["ingredients"]  %></td>
    14: 		
    15: 	</tr>
  app/views/recipes/index.html.erb:12:in `[]'
  app/views/recipes/index.html.erb:12:in `block in _app_views_recipes_index_html_erb___520730591_33321816'
  app/views/recipes/index.html.erb:9:in `_app_views_recipes_index_html_erb___520730591_33321816'


  Rendered C:/RailsInstaller/Ruby1.9.3/lib/ruby/gems/1.9.1/gems/actionpack-4.1.1/lib/action_dispatch/middleware/templates/rescues/_trace.html.erb (1.0ms)
  Rendered C:/RailsInstaller/Ruby1.9.3/lib/ruby/gems/1.9.1/gems/actionpack-4.1.1/lib/action_dispatch/middleware/templates/rescues/_request_and_response.html.erb (1.0ms)
  Rendered C:/RailsInstaller/Ruby1.9.3/lib/ruby/gems/1.9.1/gems/actionpack-4.1.1/lib/action_dispatch/middleware/templates/rescues/template_error.html.erb within rescues/layout (19.0ms)


Started GET "/" for 127.0.0.1 at 2014-07-14 05:10:49 -0500
Processing by RecipesController#index as HTML
  Rendered recipes/index.html.erb within layouts/application (0.0ms)
Completed 200 OK in 854ms (Views: 573.7ms | ActiveRecord: 0.0ms)


Started GET "/assets/recipes.css?body=1" for 127.0.0.1 at 2014-07-14 05:10:50 -0500


Started GET "/assets/application.css?body=1" for 127.0.0.1 at 2014-07-14 05:10:50 -0500


Started GET "/assets/jquery.js?body=1" for 127.0.0.1 at 2014-07-14 05:10:50 -0500


Started GET "/assets/jquery_ujs.js?body=1" for 127.0.0.1 at 2014-07-14 05:10:50 -0500


Started GET "/assets/turbolinks.js?body=1" for 127.0.0.1 at 2014-07-14 05:10:50 -0500


Started GET "/assets/recipes.js?body=1" for 127.0.0.1 at 2014-07-14 05:10:50 -0500


Started GET "/assets/application.js?body=1" for 127.0.0.1 at 2014-07-14 05:10:50 -0500


Started GET "/apple%20pie" for 127.0.0.1 at 2014-07-14 05:11:05 -0500

ActionController::RoutingError (No route matches [GET] "/apple%20pie"):
  actionpack (4.1.1) lib/action_dispatch/middleware/debug_exceptions.rb:21:in `call'
  actionpack (4.1.1) lib/action_dispatch/middleware/show_exceptions.rb:30:in `call'
  railties (4.1.1) lib/rails/rack/logger.rb:38:in `call_app'
  railties (4.1.1) lib/rails/rack/logger.rb:20:in `block in call'
  activesupport (4.1.1) lib/active_support/tagged_logging.rb:68:in `block in tagged'
  activesupport (4.1.1) lib/active_support/tagged_logging.rb:26:in `tagged'
  activesupport (4.1.1) lib/active_support/tagged_logging.rb:68:in `tagged'
  railties (4.1.1) lib/rails/rack/logger.rb:20:in `call'
  actionpack (4.1.1) lib/action_dispatch/middleware/request_id.rb:21:in `call'
  rack (1.5.2) lib/rack/methodoverride.rb:21:in `call'
  rack (1.5.2) lib/rack/runtime.rb:17:in `call'
  activesupport (4.1.1) lib/active_support/cache/strategy/local_cache_middleware.rb:26:in `call'
  rack (1.5.2) lib/rack/lock.rb:17:in `call'
  actionpack (4.1.1) lib/action_dispatch/middleware/static.rb:64:in `call'
  rack (1.5.2) lib/rack/sendfile.rb:112:in `call'
  railties (4.1.1) lib/rails/engine.rb:514:in `call'
  railties (4.1.1) lib/rails/application.rb:144:in `call'
  rack (1.5.2) lib/rack/lock.rb:17:in `call'
  rack (1.5.2) lib/rack/content_length.rb:14:in `call'
  rack (1.5.2) lib/rack/handler/webrick.rb:60:in `service'
  C:/RailsInstaller/Ruby1.9.3/lib/ruby/1.9.1/webrick/httpserver.rb:138:in `service'
  C:/RailsInstaller/Ruby1.9.3/lib/ruby/1.9.1/webrick/httpserver.rb:94:in `run'
  C:/RailsInstaller/Ruby1.9.3/lib/ruby/1.9.1/webrick/server.rb:191:in `block in start_thread'


  Rendered C:/RailsInstaller/Ruby1.9.3/lib/ruby/gems/1.9.1/gems/actionpack-4.1.1/lib/action_dispatch/middleware/templates/rescues/_trace.html.erb (1.0ms)
  Rendered C:/RailsInstaller/Ruby1.9.3/lib/ruby/gems/1.9.1/gems/actionpack-4.1.1/lib/action_dispatch/middleware/templates/routes/_route.html.erb (1.0ms)
  Rendered C:/RailsInstaller/Ruby1.9.3/lib/ruby/gems/1.9.1/gems/actionpack-4.1.1/lib/action_dispatch/middleware/templates/routes/_table.html.erb (18.0ms)
  Rendered C:/RailsInstaller/Ruby1.9.3/lib/ruby/gems/1.9.1/gems/actionpack-4.1.1/lib/action_dispatch/middleware/templates/rescues/routing_error.html.erb within rescues/layout (71.1ms)


Started GET "/?keyword=chocolate" for 127.0.0.1 at 2014-07-14 05:11:29 -0500
Processing by RecipesController#index as HTML
  Parameters: {"keyword"=>"chocolate"}
  Rendered recipes/index.html.erb within layouts/application (0.0ms)
Completed 200 OK in 278ms (Views: 19.0ms | ActiveRecord: 0.0ms)


Started GET "/assets/application.css?body=1" for 127.0.0.1 at 2014-07-14 05:11:30 -0500


Started GET "/assets/jquery_ujs.js?body=1" for 127.0.0.1 at 2014-07-14 05:11:30 -0500


Started GET "/assets/jquery.js?body=1" for 127.0.0.1 at 2014-07-14 05:11:30 -0500


Started GET "/assets/turbolinks.js?body=1" for 127.0.0.1 at 2014-07-14 05:11:30 -0500


Started GET "/assets/application.js?body=1" for 127.0.0.1 at 2014-07-14 05:11:30 -0500


Started GET "/?keyword=chocolate" for 127.0.0.1 at 2014-07-14 05:12:06 -0500
Processing by RecipesController#index as HTML
  Parameters: {"keyword"=>"chocolate"}
  Rendered recipes/index.html.erb within layouts/application (0.0ms)
Completed 200 OK in 267ms (Views: 6.0ms | ActiveRecord: 0.0ms)


Started GET "/assets/recipes.css?body=1" for 127.0.0.1 at 2014-07-14 05:12:06 -0500


Started GET "/assets/jquery_ujs.js?body=1" for 127.0.0.1 at 2014-07-14 05:12:06 -0500


Started GET "/assets/jquery.js?body=1" for 127.0.0.1 at 2014-07-14 05:12:06 -0500


Started GET "/assets/application.css?body=1" for 127.0.0.1 at 2014-07-14 05:12:06 -0500


Started GET "/assets/turbolinks.js?body=1" for 127.0.0.1 at 2014-07-14 05:12:07 -0500


Started GET "/assets/recipes.js?body=1" for 127.0.0.1 at 2014-07-14 05:12:07 -0500


Started GET "/assets/application.js?body=1" for 127.0.0.1 at 2014-07-14 05:12:07 -0500


Started GET "/?keyword=apple%20pie" for 127.0.0.1 at 2014-07-14 05:12:17 -0500
Processing by RecipesController#index as HTML
  Parameters: {"keyword"=>"apple pie"}
Completed 500 Internal Server Error in 2ms

URI::InvalidURIError (bad URI(is not URI?): q=apple pie):
  app/models/recipe.rb:11:in `for'
  app/controllers/recipes_controller.rb:4:in `index'


  Rendered C:/RailsInstaller/Ruby1.9.3/lib/ruby/gems/1.9.1/gems/actionpack-4.1.1/lib/action_dispatch/middleware/templates/rescues/_source.erb (1.0ms)
  Rendered C:/RailsInstaller/Ruby1.9.3/lib/ruby/gems/1.9.1/gems/actionpack-4.1.1/lib/action_dispatch/middleware/templates/rescues/_trace.html.erb (1.0ms)
  Rendered C:/RailsInstaller/Ruby1.9.3/lib/ruby/gems/1.9.1/gems/actionpack-4.1.1/lib/action_dispatch/middleware/templates/rescues/_request_and_response.html.erb (1.0ms)
  Rendered C:/RailsInstaller/Ruby1.9.3/lib/ruby/gems/1.9.1/gems/actionpack-4.1.1/lib/action_dispatch/middleware/templates/rescues/diagnostics.erb within rescues/layout (28.0ms)


Started GET "/?keyword=apple%20pie" for 127.0.0.1 at 2014-07-14 05:12:38 -0500
Processing by RecipesController#index as HTML
  Parameters: {"keyword"=>"apple pie"}
  Rendered recipes/index.html.erb within layouts/application (1.0ms)
Completed 200 OK in 297ms (Views: 18.0ms | ActiveRecord: 0.0ms)


Started GET "/assets/recipes.css?body=1" for 127.0.0.1 at 2014-07-14 05:12:39 -0500


Started GET "/assets/application.css?body=1" for 127.0.0.1 at 2014-07-14 05:12:39 -0500


Started GET "/assets/jquery.js?body=1" for 127.0.0.1 at 2014-07-14 05:12:39 -0500


Started GET "/assets/jquery_ujs.js?body=1" for 127.0.0.1 at 2014-07-14 05:12:39 -0500


Started GET "/assets/turbolinks.js?body=1" for 127.0.0.1 at 2014-07-14 05:12:39 -0500


Started GET "/assets/recipes.js?body=1" for 127.0.0.1 at 2014-07-14 05:12:39 -0500


Started GET "/assets/application.js?body=1" for 127.0.0.1 at 2014-07-14 05:12:39 -0500


Started GET "/?keyword=apple%20pie" for 127.0.0.1 at 2014-07-14 05:13:29 -0500
Processing by RecipesController#index as HTML
  Parameters: {"keyword"=>"apple pie"}
  Rendered recipes/index.html.erb within layouts/application (0.0ms)
Completed 200 OK in 266ms (Views: 7.0ms | ActiveRecord: 0.0ms)


Started GET "/assets/application.css?body=1" for 127.0.0.1 at 2014-07-14 05:13:29 -0500


Started GET "/assets/recipes.css?body=1" for 127.0.0.1 at 2014-07-14 05:13:29 -0500


Started GET "/assets/turbolinks.js?body=1" for 127.0.0.1 at 2014-07-14 05:13:29 -0500


Started GET "/assets/jquery_ujs.js?body=1" for 127.0.0.1 at 2014-07-14 05:13:29 -0500


Started GET "/assets/jquery.js?body=1" for 127.0.0.1 at 2014-07-14 05:13:29 -0500


Started GET "/assets/recipes.js?body=1" for 127.0.0.1 at 2014-07-14 05:13:30 -0500


Started GET "/assets/application.js?body=1" for 127.0.0.1 at 2014-07-14 05:13:30 -0500


Started GET "/?keyword=apple%20pie" for 127.0.0.1 at 2014-07-14 05:13:35 -0500
Processing by RecipesController#index as HTML
  Parameters: {"keyword"=>"apple pie"}
  Rendered recipes/index.html.erb within layouts/application (1.0ms)
Completed 200 OK in 260ms (Views: 19.0ms | ActiveRecord: 0.0ms)


Started GET "/assets/application.css?body=1" for 127.0.0.1 at 2014-07-14 05:13:35 -0500


Started GET "/assets/jquery_ujs.js?body=1" for 127.0.0.1 at 2014-07-14 05:13:35 -0500


Started GET "/assets/recipes.css?body=1" for 127.0.0.1 at 2014-07-14 05:13:35 -0500


Started GET "/assets/jquery.js?body=1" for 127.0.0.1 at 2014-07-14 05:13:35 -0500


Started GET "/assets/turbolinks.js?body=1" for 127.0.0.1 at 2014-07-14 05:13:36 -0500


Started GET "/assets/recipes.js?body=1" for 127.0.0.1 at 2014-07-14 05:13:36 -0500


Started GET "/assets/application.js?body=1" for 127.0.0.1 at 2014-07-14 05:13:36 -0500


Started GET "/?keyword=apple%20pie" for 127.0.0.1 at 2014-07-14 05:13:43 -0500
Processing by RecipesController#index as HTML
  Parameters: {"keyword"=>"apple pie"}
  Rendered recipes/index.html.erb within layouts/application (1.0ms)
Completed 200 OK in 298ms (Views: 49.1ms | ActiveRecord: 0.0ms)


Started GET "/assets/jquery.js?body=1" for 127.0.0.1 at 2014-07-14 05:13:43 -0500


Started GET "/assets/application.css?body=1" for 127.0.0.1 at 2014-07-14 05:13:43 -0500


Started GET "/assets/recipes.css?body=1" for 127.0.0.1 at 2014-07-14 05:13:43 -0500


Started GET "/assets/jquery_ujs.js?body=1" for 127.0.0.1 at 2014-07-14 05:13:43 -0500


Started GET "/assets/turbolinks.js?body=1" for 127.0.0.1 at 2014-07-14 05:13:43 -0500


Started GET "/assets/recipes.js?body=1" for 127.0.0.1 at 2014-07-14 05:13:43 -0500


Started GET "/assets/application.js?body=1" for 127.0.0.1 at 2014-07-14 05:13:43 -0500


Started GET "/?keyword=apple%20pie" for 127.0.0.1 at 2014-07-14 05:13:50 -0500
Processing by RecipesController#index as HTML
  Parameters: {"keyword"=>"apple pie"}
Completed 500 Internal Server Error in 2ms

URI::InvalidURIError (bad URI(is not URI?): q=apple pie):
  app/models/recipe.rb:11:in `for'
  app/controllers/recipes_controller.rb:4:in `index'


  Rendered C:/RailsInstaller/Ruby1.9.3/lib/ruby/gems/1.9.1/gems/actionpack-4.1.1/lib/action_dispatch/middleware/templates/rescues/_source.erb (1.0ms)
  Rendered C:/RailsInstaller/Ruby1.9.3/lib/ruby/gems/1.9.1/gems/actionpack-4.1.1/lib/action_dispatch/middleware/templates/rescues/_trace.html.erb (1.0ms)
  Rendered C:/RailsInstaller/Ruby1.9.3/lib/ruby/gems/1.9.1/gems/actionpack-4.1.1/lib/action_dispatch/middleware/templates/rescues/_request_and_response.html.erb (0.0ms)
  Rendered C:/RailsInstaller/Ruby1.9.3/lib/ruby/gems/1.9.1/gems/actionpack-4.1.1/lib/action_dispatch/middleware/templates/rescues/diagnostics.erb within rescues/layout (19.0ms)


Started GET "/?keyword=apple%20pie" for 127.0.0.1 at 2014-07-14 05:14:11 -0500
Processing by RecipesController#index as HTML
  Parameters: {"keyword"=>"apple pie"}
Completed 500 Internal Server Error in 0ms

URI::InvalidURIError (bad URI(is not URI?): q=apple pie):
  app/models/recipe.rb:11:in `for'
  app/controllers/recipes_controller.rb:4:in `index'


  Rendered C:/RailsInstaller/Ruby1.9.3/lib/ruby/gems/1.9.1/gems/actionpack-4.1.1/lib/action_dispatch/middleware/templates/rescues/_source.erb (1.0ms)
  Rendered C:/RailsInstaller/Ruby1.9.3/lib/ruby/gems/1.9.1/gems/actionpack-4.1.1/lib/action_dispatch/middleware/templates/rescues/_trace.html.erb (1.0ms)
  Rendered C:/RailsInstaller/Ruby1.9.3/lib/ruby/gems/1.9.1/gems/actionpack-4.1.1/lib/action_dispatch/middleware/templates/rescues/_request_and_response.html.erb (0.0ms)
  Rendered C:/RailsInstaller/Ruby1.9.3/lib/ruby/gems/1.9.1/gems/actionpack-4.1.1/lib/action_dispatch/middleware/templates/rescues/diagnostics.erb within rescues/layout (18.0ms)


Started GET "/?keyword=apple%20pie" for 127.0.0.1 at 2014-07-14 05:14:16 -0500
Processing by RecipesController#index as HTML
  Parameters: {"keyword"=>"apple pie"}
  Rendered recipes/index.html.erb within layouts/application (1.0ms)
Completed 200 OK in 267ms (Views: 21.0ms | ActiveRecord: 0.0ms)


Started GET "/assets/recipes.css?body=1" for 127.0.0.1 at 2014-07-14 05:14:16 -0500


Started GET "/assets/application.css?body=1" for 127.0.0.1 at 2014-07-14 05:14:16 -0500


Started GET "/assets/jquery.js?body=1" for 127.0.0.1 at 2014-07-14 05:14:16 -0500


Started GET "/assets/turbolinks.js?body=1" for 127.0.0.1 at 2014-07-14 05:14:16 -0500


Started GET "/assets/jquery_ujs.js?body=1" for 127.0.0.1 at 2014-07-14 05:14:16 -0500


Started GET "/assets/recipes.js?body=1" for 127.0.0.1 at 2014-07-14 05:14:16 -0500


Started GET "/assets/application.js?body=1" for 127.0.0.1 at 2014-07-14 05:14:17 -0500


Started GET "/?keyword=apple%20pie" for 127.0.0.1 at 2014-07-14 05:17:00 -0500
Processing by RecipesController#index as HTML
  Parameters: {"keyword"=>"apple pie"}
  Rendered recipes/index.html.erb within layouts/application (20.0ms)
Completed 500 Internal Server Error in 309ms

ActionView::Template::Error (undefined method `img_tag' for #<#<Class:0x4835d90>:0x4030398>):
     8: 	</tr>
     9: 	<% @recs.each do |rec| %>
    10: 	<tr class="<%= cycle('even', 'odd') %>">
    11: 		<td><%img_tag rec["thumbnail"]%></td>
    12: 		<td><%=link_to rec["title"],rec["link"], class: "special link" %></td>
    13: 		<td><%= rec["ingredients"]  %></td>
    14: 		
  app/views/recipes/index.html.erb:11:in `block in _app_views_recipes_index_html_erb___520730591_33705492'
  app/views/recipes/index.html.erb:9:in `each'
  app/views/recipes/index.html.erb:9:in `_app_views_recipes_index_html_erb___520730591_33705492'


  Rendered C:/RailsInstaller/Ruby1.9.3/lib/ruby/gems/1.9.1/gems/actionpack-4.1.1/lib/action_dispatch/middleware/templates/rescues/_trace.html.erb (1.0ms)
  Rendered C:/RailsInstaller/Ruby1.9.3/lib/ruby/gems/1.9.1/gems/actionpack-4.1.1/lib/action_dispatch/middleware/templates/rescues/_request_and_response.html.erb (1.0ms)
  Rendered C:/RailsInstaller/Ruby1.9.3/lib/ruby/gems/1.9.1/gems/actionpack-4.1.1/lib/action_dispatch/middleware/templates/rescues/template_error.html.erb within rescues/layout (16.0ms)


Started GET "/?keyword=apple%20pie" for 127.0.0.1 at 2014-07-14 05:17:20 -0500
Processing by RecipesController#index as HTML
  Parameters: {"keyword"=>"apple pie"}
  Rendered recipes/index.html.erb within layouts/application (19.0ms)
Completed 500 Internal Server Error in 285ms

ActionView::Template::Error (undefined method `img_tag' for #<#<Class:0x4835d90>:0x280dc28>):
     8: 	</tr>
     9: 	<% @recs.each do |rec| %>
    10: 	<tr class="<%= cycle('even', 'odd') %>">
    11: 		<td><%= img_tag rec["thumbnail"]%></td>
    12: 		<td><%=link_to rec["title"],rec["link"], class: "special link" %></td>
    13: 		<td><%= rec["ingredients"]  %></td>
    14: 		
  app/views/recipes/index.html.erb:11:in `block in _app_views_recipes_index_html_erb___520730591_30372480'
  app/views/recipes/index.html.erb:9:in `each'
  app/views/recipes/index.html.erb:9:in `_app_views_recipes_index_html_erb___520730591_30372480'


  Rendered C:/RailsInstaller/Ruby1.9.3/lib/ruby/gems/1.9.1/gems/actionpack-4.1.1/lib/action_dispatch/middleware/templates/rescues/_trace.html.erb (1.0ms)
  Rendered C:/RailsInstaller/Ruby1.9.3/lib/ruby/gems/1.9.1/gems/actionpack-4.1.1/lib/action_dispatch/middleware/templates/rescues/_request_and_response.html.erb (1.0ms)
  Rendered C:/RailsInstaller/Ruby1.9.3/lib/ruby/gems/1.9.1/gems/actionpack-4.1.1/lib/action_dispatch/middleware/templates/rescues/template_error.html.erb within rescues/layout (13.0ms)


Started GET "/?keyword=apple%20pie" for 127.0.0.1 at 2014-07-14 05:17:46 -0500
Processing by RecipesController#index as HTML
  Parameters: {"keyword"=>"apple pie"}
  Rendered recipes/index.html.erb within layouts/application (3.0ms)
Completed 200 OK in 252ms (Views: 7.0ms | ActiveRecord: 0.0ms)


Started GET "/assets/recipes.css?body=1" for 127.0.0.1 at 2014-07-14 05:17:46 -0500


Started GET "/assets/application.css?body=1" for 127.0.0.1 at 2014-07-14 05:17:46 -0500


Started GET "/assets/jquery.js?body=1" for 127.0.0.1 at 2014-07-14 05:17:46 -0500


Started GET "/assets/jquery_ujs.js?body=1" for 127.0.0.1 at 2014-07-14 05:17:47 -0500


Started GET "/assets/turbolinks.js?body=1" for 127.0.0.1 at 2014-07-14 05:17:47 -0500


Started GET "/assets/recipes.js?body=1" for 127.0.0.1 at 2014-07-14 05:17:47 -0500


Started GET "/assets/application.js?body=1" for 127.0.0.1 at 2014-07-14 05:17:47 -0500


Started GET "/?keyword=apple%20pie" for 127.0.0.1 at 2014-07-14 05:18:22 -0500
Processing by RecipesController#index as HTML
  Parameters: {"keyword"=>"apple pie"}
  Rendered recipes/index.html.erb within layouts/application (3.0ms)
Completed 500 Internal Server Error in 253ms

ActionView::Template::Error (wrong number of arguments (3 for 2)):
     9: 	<% @recs.each do |rec| %>
    10: 	<tr class="<%= cycle('even', 'odd') %>">
    11: 		<td><%= image_tag rec["thumbnail"]%></td>
    12: 		<td><%=link_to sanitize rec["title"],rec["link"], class: "special link" %></td>
    13: 		<td><%= sanitize rec["ingredients"]  %></td>
    14: 		
    15: 	</tr>
  app/views/recipes/index.html.erb:12:in `block in _app_views_recipes_index_html_erb___520730591_37817364'
  app/views/recipes/index.html.erb:9:in `each'
  app/views/recipes/index.html.erb:9:in `_app_views_recipes_index_html_erb___520730591_37817364'


  Rendered C:/RailsInstaller/Ruby1.9.3/lib/ruby/gems/1.9.1/gems/actionpack-4.1.1/lib/action_dispatch/middleware/templates/rescues/_trace.html.erb (1.0ms)
  Rendered C:/RailsInstaller/Ruby1.9.3/lib/ruby/gems/1.9.1/gems/actionpack-4.1.1/lib/action_dispatch/middleware/templates/rescues/_request_and_response.html.erb (1.0ms)
  Rendered C:/RailsInstaller/Ruby1.9.3/lib/ruby/gems/1.9.1/gems/actionpack-4.1.1/lib/action_dispatch/middleware/templates/rescues/template_error.html.erb within rescues/layout (21.0ms)


Started GET "/?keyword=apple%20pie" for 127.0.0.1 at 2014-07-14 05:18:45 -0500
Processing by RecipesController#index as HTML
  Parameters: {"keyword"=>"apple pie"}
  Rendered recipes/index.html.erb within layouts/application (20.0ms)
Completed 200 OK in 299ms (Views: 30.0ms | ActiveRecord: 0.0ms)


Started GET "/assets/application.css?body=1" for 127.0.0.1 at 2014-07-14 05:18:46 -0500


Started GET "/assets/recipes.css?body=1" for 127.0.0.1 at 2014-07-14 05:18:46 -0500


Started GET "/assets/jquery.js?body=1" for 127.0.0.1 at 2014-07-14 05:18:46 -0500


Started GET "/assets/jquery_ujs.js?body=1" for 127.0.0.1 at 2014-07-14 05:18:46 -0500


Started GET "/assets/turbolinks.js?body=1" for 127.0.0.1 at 2014-07-14 05:18:46 -0500


Started GET "/assets/recipes.js?body=1" for 127.0.0.1 at 2014-07-14 05:18:46 -0500


Started GET "/assets/application.js?body=1" for 127.0.0.1 at 2014-07-14 05:18:46 -0500


Started GET "/?keyword=apple%20pie" for 127.0.0.1 at 2014-07-14 05:20:20 -0500
Processing by RecipesController#index as HTML
  Parameters: {"keyword"=>"apple pie"}
Completed 500 Internal Server Error in 3ms

NoMethodError (undefined method `output' for Recipe:Class):
  app/models/recipe.rb:6:in `<class:Recipe>'
  app/models/recipe.rb:1:in `<top (required)>'
  app/controllers/recipes_controller.rb:4:in `index'


  Rendered C:/RailsInstaller/Ruby1.9.3/lib/ruby/gems/1.9.1/gems/actionpack-4.1.1/lib/action_dispatch/middleware/templates/rescues/_source.erb (1.0ms)
  Rendered C:/RailsInstaller/Ruby1.9.3/lib/ruby/gems/1.9.1/gems/actionpack-4.1.1/lib/action_dispatch/middleware/templates/rescues/_trace.html.erb (1.0ms)
  Rendered C:/RailsInstaller/Ruby1.9.3/lib/ruby/gems/1.9.1/gems/actionpack-4.1.1/lib/action_dispatch/middleware/templates/rescues/_request_and_response.html.erb (1.0ms)
  Rendered C:/RailsInstaller/Ruby1.9.3/lib/ruby/gems/1.9.1/gems/actionpack-4.1.1/lib/action_dispatch/middleware/templates/rescues/diagnostics.erb within rescues/layout (21.0ms)


Started GET "/?keyword=apple%20pie" for 127.0.0.1 at 2014-07-14 05:20:44 -0500
Processing by RecipesController#index as HTML
  Parameters: {"keyword"=>"apple pie"}
Completed 500 Internal Server Error in 2ms

NoMethodError (undefined method `output' for Recipe:Class):
  app/models/recipe.rb:6:in `<class:Recipe>'
  app/models/recipe.rb:1:in `<top (required)>'
  app/controllers/recipes_controller.rb:4:in `index'


  Rendered C:/RailsInstaller/Ruby1.9.3/lib/ruby/gems/1.9.1/gems/actionpack-4.1.1/lib/action_dispatch/middleware/templates/rescues/_source.erb (1.0ms)
  Rendered C:/RailsInstaller/Ruby1.9.3/lib/ruby/gems/1.9.1/gems/actionpack-4.1.1/lib/action_dispatch/middleware/templates/rescues/_trace.html.erb (1.0ms)
  Rendered C:/RailsInstaller/Ruby1.9.3/lib/ruby/gems/1.9.1/gems/actionpack-4.1.1/lib/action_dispatch/middleware/templates/rescues/_request_and_response.html.erb (0.0ms)
  Rendered C:/RailsInstaller/Ruby1.9.3/lib/ruby/gems/1.9.1/gems/actionpack-4.1.1/lib/action_dispatch/middleware/templates/rescues/diagnostics.erb within rescues/layout (19.0ms)


Started GET "/?keyword=apple%20pie" for 127.0.0.1 at 2014-07-14 05:20:45 -0500
Processing by RecipesController#index as HTML
  Parameters: {"keyword"=>"apple pie"}
Completed 500 Internal Server Error in 15ms

NoMethodError (undefined method `output' for Recipe:Class):
  app/models/recipe.rb:6:in `<class:Recipe>'
  app/models/recipe.rb:1:in `<top (required)>'
  app/controllers/recipes_controller.rb:4:in `index'


  Rendered C:/RailsInstaller/Ruby1.9.3/lib/ruby/gems/1.9.1/gems/actionpack-4.1.1/lib/action_dispatch/middleware/templates/rescues/_source.erb (0.0ms)
  Rendered C:/RailsInstaller/Ruby1.9.3/lib/ruby/gems/1.9.1/gems/actionpack-4.1.1/lib/action_dispatch/middleware/templates/rescues/_trace.html.erb (1.0ms)
  Rendered C:/RailsInstaller/Ruby1.9.3/lib/ruby/gems/1.9.1/gems/actionpack-4.1.1/lib/action_dispatch/middleware/templates/rescues/_request_and_response.html.erb (1.0ms)
  Rendered C:/RailsInstaller/Ruby1.9.3/lib/ruby/gems/1.9.1/gems/actionpack-4.1.1/lib/action_dispatch/middleware/templates/rescues/diagnostics.erb within rescues/layout (20.0ms)


Started GET "/?keyword=apple%20pie" for 127.0.0.1 at 2014-07-14 05:20:46 -0500
Processing by RecipesController#index as HTML
  Parameters: {"keyword"=>"apple pie"}
Completed 500 Internal Server Error in 2ms

NoMethodError (undefined method `output' for Recipe:Class):
  app/models/recipe.rb:6:in `<class:Recipe>'
  app/models/recipe.rb:1:in `<top (required)>'
  app/controllers/recipes_controller.rb:4:in `index'


  Rendered C:/RailsInstaller/Ruby1.9.3/lib/ruby/gems/1.9.1/gems/actionpack-4.1.1/lib/action_dispatch/middleware/templates/rescues/_source.erb (1.0ms)
  Rendered C:/RailsInstaller/Ruby1.9.3/lib/ruby/gems/1.9.1/gems/actionpack-4.1.1/lib/action_dispatch/middleware/templates/rescues/_trace.html.erb (1.0ms)
  Rendered C:/RailsInstaller/Ruby1.9.3/lib/ruby/gems/1.9.1/gems/actionpack-4.1.1/lib/action_dispatch/middleware/templates/rescues/_request_and_response.html.erb (1.0ms)
  Rendered C:/RailsInstaller/Ruby1.9.3/lib/ruby/gems/1.9.1/gems/actionpack-4.1.1/lib/action_dispatch/middleware/templates/rescues/diagnostics.erb within rescues/layout (20.0ms)


Started GET "/?keyword=apple%20pie" for 127.0.0.1 at 2014-07-14 05:20:47 -0500
Processing by RecipesController#index as HTML
  Parameters: {"keyword"=>"apple pie"}
Completed 500 Internal Server Error in 2ms

NoMethodError (undefined method `output' for Recipe:Class):
  app/models/recipe.rb:6:in `<class:Recipe>'
  app/models/recipe.rb:1:in `<top (required)>'
  app/controllers/recipes_controller.rb:4:in `index'


  Rendered C:/RailsInstaller/Ruby1.9.3/lib/ruby/gems/1.9.1/gems/actionpack-4.1.1/lib/action_dispatch/middleware/templates/rescues/_source.erb (0.0ms)
  Rendered C:/RailsInstaller/Ruby1.9.3/lib/ruby/gems/1.9.1/gems/actionpack-4.1.1/lib/action_dispatch/middleware/templates/rescues/_trace.html.erb (1.0ms)
  Rendered C:/RailsInstaller/Ruby1.9.3/lib/ruby/gems/1.9.1/gems/actionpack-4.1.1/lib/action_dispatch/middleware/templates/rescues/_request_and_response.html.erb (1.0ms)
  Rendered C:/RailsInstaller/Ruby1.9.3/lib/ruby/gems/1.9.1/gems/actionpack-4.1.1/lib/action_dispatch/middleware/templates/rescues/diagnostics.erb within rescues/layout (20.0ms)


Started GET "/?keyword=apple%20pie" for 127.0.0.1 at 2014-07-14 05:20:47 -0500
Processing by RecipesController#index as HTML
  Parameters: {"keyword"=>"apple pie"}
Completed 500 Internal Server Error in 1ms

NoMethodError (undefined method `output' for Recipe:Class):
  app/models/recipe.rb:6:in `<class:Recipe>'
  app/models/recipe.rb:1:in `<top (required)>'
  app/controllers/recipes_controller.rb:4:in `index'


  Rendered C:/RailsInstaller/Ruby1.9.3/lib/ruby/gems/1.9.1/gems/actionpack-4.1.1/lib/action_dispatch/middleware/templates/rescues/_source.erb (0.0ms)
  Rendered C:/RailsInstaller/Ruby1.9.3/lib/ruby/gems/1.9.1/gems/actionpack-4.1.1/lib/action_dispatch/middleware/templates/rescues/_trace.html.erb (1.0ms)
  Rendered C:/RailsInstaller/Ruby1.9.3/lib/ruby/gems/1.9.1/gems/actionpack-4.1.1/lib/action_dispatch/middleware/templates/rescues/_request_and_response.html.erb (1.0ms)
  Rendered C:/RailsInstaller/Ruby1.9.3/lib/ruby/gems/1.9.1/gems/actionpack-4.1.1/lib/action_dispatch/middleware/templates/rescues/diagnostics.erb within rescues/layout (20.0ms)


Started GET "/?keyword=apple%20pie" for 127.0.0.1 at 2014-07-14 05:20:47 -0500
Processing by RecipesController#index as HTML
  Parameters: {"keyword"=>"apple pie"}
Completed 500 Internal Server Error in 2ms

NoMethodError (undefined method `output' for Recipe:Class):
  app/models/recipe.rb:6:in `<class:Recipe>'
  app/models/recipe.rb:1:in `<top (required)>'
  app/controllers/recipes_controller.rb:4:in `index'


  Rendered C:/RailsInstaller/Ruby1.9.3/lib/ruby/gems/1.9.1/gems/actionpack-4.1.1/lib/action_dispatch/middleware/templates/rescues/_source.erb (0.0ms)
  Rendered C:/RailsInstaller/Ruby1.9.3/lib/ruby/gems/1.9.1/gems/actionpack-4.1.1/lib/action_dispatch/middleware/templates/rescues/_trace.html.erb (0.0ms)
  Rendered C:/RailsInstaller/Ruby1.9.3/lib/ruby/gems/1.9.1/gems/actionpack-4.1.1/lib/action_dispatch/middleware/templates/rescues/_request_and_response.html.erb (1.0ms)
  Rendered C:/RailsInstaller/Ruby1.9.3/lib/ruby/gems/1.9.1/gems/actionpack-4.1.1/lib/action_dispatch/middleware/templates/rescues/diagnostics.erb within rescues/layout (21.0ms)


Started GET "/?keyword=apple%20pie" for 127.0.0.1 at 2014-07-14 05:20:47 -0500
Processing by RecipesController#index as HTML
  Parameters: {"keyword"=>"apple pie"}
Completed 500 Internal Server Error in 2ms

NoMethodError (undefined method `output' for Recipe:Class):
  app/models/recipe.rb:6:in `<class:Recipe>'
  app/models/recipe.rb:1:in `<top (required)>'
  app/controllers/recipes_controller.rb:4:in `index'


  Rendered C:/RailsInstaller/Ruby1.9.3/lib/ruby/gems/1.9.1/gems/actionpack-4.1.1/lib/action_dispatch/middleware/templates/rescues/_source.erb (1.0ms)
  Rendered C:/RailsInstaller/Ruby1.9.3/lib/ruby/gems/1.9.1/gems/actionpack-4.1.1/lib/action_dispatch/middleware/templates/rescues/_trace.html.erb (1.0ms)
  Rendered C:/RailsInstaller/Ruby1.9.3/lib/ruby/gems/1.9.1/gems/actionpack-4.1.1/lib/action_dispatch/middleware/templates/rescues/_request_and_response.html.erb (1.0ms)
  Rendered C:/RailsInstaller/Ruby1.9.3/lib/ruby/gems/1.9.1/gems/actionpack-4.1.1/lib/action_dispatch/middleware/templates/rescues/diagnostics.erb within rescues/layout (35.0ms)


Started GET "/?keyword=apple%20pie" for 127.0.0.1 at 2014-07-14 05:20:48 -0500
Processing by RecipesController#index as HTML
  Parameters: {"keyword"=>"apple pie"}
Completed 500 Internal Server Error in 2ms

NoMethodError (undefined method `output' for Recipe:Class):
  app/models/recipe.rb:6:in `<class:Recipe>'
  app/models/recipe.rb:1:in `<top (required)>'
  app/controllers/recipes_controller.rb:4:in `index'


  Rendered C:/RailsInstaller/Ruby1.9.3/lib/ruby/gems/1.9.1/gems/actionpack-4.1.1/lib/action_dispatch/middleware/templates/rescues/_source.erb (1.0ms)
  Rendered C:/RailsInstaller/Ruby1.9.3/lib/ruby/gems/1.9.1/gems/actionpack-4.1.1/lib/action_dispatch/middleware/templates/rescues/_trace.html.erb (1.0ms)
  Rendered C:/RailsInstaller/Ruby1.9.3/lib/ruby/gems/1.9.1/gems/actionpack-4.1.1/lib/action_dispatch/middleware/templates/rescues/_request_and_response.html.erb (0.0ms)
  Rendered C:/RailsInstaller/Ruby1.9.3/lib/ruby/gems/1.9.1/gems/actionpack-4.1.1/lib/action_dispatch/middleware/templates/rescues/diagnostics.erb within rescues/layout (20.0ms)


Started GET "/?keyword=apple%20pie" for 127.0.0.1 at 2014-07-14 05:20:57 -0500
Processing by RecipesController#index as HTML
  Parameters: {"keyword"=>"apple pie"}
Completed 500 Internal Server Error in 2ms

SyntaxError (C:/Users/R S/Documents/GitHub/team5-summer14/facecook/app/models/recipe.rb:6: syntax error, unexpected tIDENTIFIER, expecting keyword_end
  default_params output :"json" onlyImage: "1"
                                         ^):
  app/controllers/recipes_controller.rb:4:in `index'


  Rendered C:/RailsInstaller/Ruby1.9.3/lib/ruby/gems/1.9.1/gems/actionpack-4.1.1/lib/action_dispatch/middleware/templates/rescues/_source.erb (1.0ms)
  Rendered C:/RailsInstaller/Ruby1.9.3/lib/ruby/gems/1.9.1/gems/actionpack-4.1.1/lib/action_dispatch/middleware/templates/rescues/_trace.html.erb (1.0ms)
  Rendered C:/RailsInstaller/Ruby1.9.3/lib/ruby/gems/1.9.1/gems/actionpack-4.1.1/lib/action_dispatch/middleware/templates/rescues/_request_and_response.html.erb (0.0ms)
  Rendered C:/RailsInstaller/Ruby1.9.3/lib/ruby/gems/1.9.1/gems/actionpack-4.1.1/lib/action_dispatch/middleware/templates/rescues/diagnostics.erb within rescues/layout (19.0ms)


Started GET "/?keyword=apple%20pie" for 127.0.0.1 at 2014-07-14 05:21:07 -0500
Processing by RecipesController#index as HTML
  Parameters: {"keyword"=>"apple pie"}
Completed 500 Internal Server Error in 2ms

SyntaxError (C:/Users/R S/Documents/GitHub/team5-summer14/facecook/app/models/recipe.rb:6: syntax error, unexpected tIDENTIFIER, expecting keyword_end
  default_params output :"json" onlyImage: "1"
                                         ^):
  app/controllers/recipes_controller.rb:4:in `index'


  Rendered C:/RailsInstaller/Ruby1.9.3/lib/ruby/gems/1.9.1/gems/actionpack-4.1.1/lib/action_dispatch/middleware/templates/rescues/_source.erb (1.0ms)
  Rendered C:/RailsInstaller/Ruby1.9.3/lib/ruby/gems/1.9.1/gems/actionpack-4.1.1/lib/action_dispatch/middleware/templates/rescues/_trace.html.erb (1.0ms)
  Rendered C:/RailsInstaller/Ruby1.9.3/lib/ruby/gems/1.9.1/gems/actionpack-4.1.1/lib/action_dispatch/middleware/templates/rescues/_request_and_response.html.erb (1.0ms)
  Rendered C:/RailsInstaller/Ruby1.9.3/lib/ruby/gems/1.9.1/gems/actionpack-4.1.1/lib/action_dispatch/middleware/templates/rescues/diagnostics.erb within rescues/layout (22.0ms)


Started GET "/?keyword=apple%20pie" for 127.0.0.1 at 2014-07-14 05:22:01 -0500
Processing by RecipesController#index as HTML
  Parameters: {"keyword"=>"apple pie"}
  Rendered recipes/index.html.erb within layouts/application (5.0ms)
Completed 200 OK in 283ms (Views: 16.0ms | ActiveRecord: 0.0ms)


Started GET "/assets/application.css?body=1" for 127.0.0.1 at 2014-07-14 05:22:01 -0500


Started GET "/assets/recipes.css?body=1" for 127.0.0.1 at 2014-07-14 05:22:01 -0500


Started GET "/assets/jquery.js?body=1" for 127.0.0.1 at 2014-07-14 05:22:02 -0500


Started GET "/assets/jquery_ujs.js?body=1" for 127.0.0.1 at 2014-07-14 05:22:02 -0500


Started GET "/assets/turbolinks.js?body=1" for 127.0.0.1 at 2014-07-14 05:22:02 -0500


Started GET "/assets/recipes.js?body=1" for 127.0.0.1 at 2014-07-14 05:22:02 -0500


Started GET "/assets/application.js?body=1" for 127.0.0.1 at 2014-07-14 05:22:02 -0500


Started GET "/?keyword=apple%20pie" for 127.0.0.1 at 2014-07-14 05:23:17 -0500
Processing by RecipesController#index as HTML
  Parameters: {"keyword"=>"apple pie"}
  Rendered recipes/index.html.erb within layouts/application (7.0ms)
Completed 200 OK in 369ms (Views: 26.0ms | ActiveRecord: 0.0ms)


Started GET "/assets/application.css?body=1" for 127.0.0.1 at 2014-07-14 05:23:17 -0500


Started GET "/assets/turbolinks.js?body=1" for 127.0.0.1 at 2014-07-14 05:23:17 -0500


Started GET "/assets/jquery_ujs.js?body=1" for 127.0.0.1 at 2014-07-14 05:23:17 -0500


Started GET "/assets/jquery.js?body=1" for 127.0.0.1 at 2014-07-14 05:23:17 -0500


Started GET "/assets/recipes.css?body=1" for 127.0.0.1 at 2014-07-14 05:23:17 -0500


Started GET "/assets/recipes.js?body=1" for 127.0.0.1 at 2014-07-14 05:23:18 -0500


Started GET "/assets/application.js?body=1" for 127.0.0.1 at 2014-07-14 05:23:18 -0500


Started GET "/?keyword=apple%20pie" for 127.0.0.1 at 2014-07-14 05:23:52 -0500
Processing by RecipesController#index as HTML
  Parameters: {"keyword"=>"apple pie"}
  Rendered recipes/index.html.erb within layouts/application (0.0ms)
Completed 200 OK in 268ms (Views: 12.0ms | ActiveRecord: 0.0ms)


Started GET "/assets/jquery.js?body=1" for 127.0.0.1 at 2014-07-14 05:23:52 -0500


Started GET "/assets/turbolinks.js?body=1" for 127.0.0.1 at 2014-07-14 05:23:52 -0500


Started GET "/assets/recipes.js?body=1" for 127.0.0.1 at 2014-07-14 05:23:52 -0500


Started GET "/assets/jquery_ujs.js?body=1" for 127.0.0.1 at 2014-07-14 05:23:52 -0500


Started GET "/assets/application.css?body=1" for 127.0.0.1 at 2014-07-14 05:23:52 -0500


Started GET "/assets/recipes.css?body=1" for 127.0.0.1 at 2014-07-14 05:23:52 -0500


Started GET "/assets/application.js?body=1" for 127.0.0.1 at 2014-07-14 05:23:52 -0500


Started GET "/?keyword=apple%20pie" for 127.0.0.1 at 2014-07-14 05:24:05 -0500
Processing by RecipesController#index as HTML
  Parameters: {"keyword"=>"apple pie"}
  Rendered recipes/index.html.erb within layouts/application (0.0ms)
Completed 200 OK in 252ms (Views: 10.0ms | ActiveRecord: 0.0ms)


Started GET "/assets/jquery_ujs.js?body=1" for 127.0.0.1 at 2014-07-14 05:24:05 -0500


Started GET "/assets/jquery.js?body=1" for 127.0.0.1 at 2014-07-14 05:24:05 -0500


Started GET "/assets/recipes.css?body=1" for 127.0.0.1 at 2014-07-14 05:24:05 -0500


Started GET "/assets/application.css?body=1" for 127.0.0.1 at 2014-07-14 05:24:05 -0500


Started GET "/assets/turbolinks.js?body=1" for 127.0.0.1 at 2014-07-14 05:24:05 -0500


Started GET "/assets/recipes.js?body=1" for 127.0.0.1 at 2014-07-14 05:24:05 -0500


Started GET "/assets/application.js?body=1" for 127.0.0.1 at 2014-07-14 05:24:05 -0500


Started GET "/?keyword=apple%20pie" for 127.0.0.1 at 2014-07-14 05:24:11 -0500
Processing by RecipesController#index as HTML
  Parameters: {"keyword"=>"apple pie"}
  Rendered recipes/index.html.erb within layouts/application (0.0ms)
Completed 200 OK in 251ms (Views: 16.0ms | ActiveRecord: 0.0ms)


Started GET "/assets/recipes.css?body=1" for 127.0.0.1 at 2014-07-14 05:24:11 -0500


Started GET "/assets/application.css?body=1" for 127.0.0.1 at 2014-07-14 05:24:11 -0500


Started GET "/assets/jquery.js?body=1" for 127.0.0.1 at 2014-07-14 05:24:11 -0500


Started GET "/assets/jquery_ujs.js?body=1" for 127.0.0.1 at 2014-07-14 05:24:11 -0500


Started GET "/assets/turbolinks.js?body=1" for 127.0.0.1 at 2014-07-14 05:24:11 -0500


Started GET "/assets/recipes.js?body=1" for 127.0.0.1 at 2014-07-14 05:24:11 -0500


Started GET "/assets/application.js?body=1" for 127.0.0.1 at 2014-07-14 05:24:11 -0500


Started GET "/?keyword=apple%20pie" for 127.0.0.1 at 2014-07-14 05:24:22 -0500
Processing by RecipesController#index as HTML
  Parameters: {"keyword"=>"apple pie"}
  Rendered recipes/index.html.erb within layouts/application (0.0ms)
Completed 200 OK in 280ms (Views: 18.0ms | ActiveRecord: 0.0ms)


Started GET "/assets/jquery_ujs.js?body=1" for 127.0.0.1 at 2014-07-14 05:24:22 -0500


Started GET "/assets/jquery.js?body=1" for 127.0.0.1 at 2014-07-14 05:24:22 -0500


Started GET "/assets/recipes.css?body=1" for 127.0.0.1 at 2014-07-14 05:24:22 -0500


Started GET "/assets/application.css?body=1" for 127.0.0.1 at 2014-07-14 05:24:22 -0500


Started GET "/assets/turbolinks.js?body=1" for 127.0.0.1 at 2014-07-14 05:24:22 -0500


Started GET "/assets/recipes.js?body=1" for 127.0.0.1 at 2014-07-14 05:24:22 -0500


Started GET "/assets/application.js?body=1" for 127.0.0.1 at 2014-07-14 05:24:22 -0500


Started GET "/?keyword=apple%20pie" for 127.0.0.1 at 2014-07-14 05:24:31 -0500
Processing by RecipesController#index as HTML
  Parameters: {"keyword"=>"apple pie"}
Completed 500 Internal Server Error in 3ms

URI::InvalidURIError (bad URI(is not URI?): q=apple pie):
  app/models/recipe.rb:11:in `for'
  app/controllers/recipes_controller.rb:4:in `index'


  Rendered C:/RailsInstaller/Ruby1.9.3/lib/ruby/gems/1.9.1/gems/actionpack-4.1.1/lib/action_dispatch/middleware/templates/rescues/_source.erb (0.0ms)
  Rendered C:/RailsInstaller/Ruby1.9.3/lib/ruby/gems/1.9.1/gems/actionpack-4.1.1/lib/action_dispatch/middleware/templates/rescues/_trace.html.erb (1.0ms)
  Rendered C:/RailsInstaller/Ruby1.9.3/lib/ruby/gems/1.9.1/gems/actionpack-4.1.1/lib/action_dispatch/middleware/templates/rescues/_request_and_response.html.erb (1.0ms)
  Rendered C:/RailsInstaller/Ruby1.9.3/lib/ruby/gems/1.9.1/gems/actionpack-4.1.1/lib/action_dispatch/middleware/templates/rescues/diagnostics.erb within rescues/layout (23.0ms)


Started GET "/?keyword=apple%20pie" for 127.0.0.1 at 2014-07-14 05:26:17 -0500
Processing by RecipesController#index as HTML
  Parameters: {"keyword"=>"apple pie"}
  Rendered recipes/index.html.erb within layouts/application (0.0ms)
Completed 200 OK in 294ms (Views: 34.1ms | ActiveRecord: 0.0ms)


Started GET "/assets/application.css?body=1" for 127.0.0.1 at 2014-07-14 05:26:18 -0500


Started GET "/assets/jquery_ujs.js?body=1" for 127.0.0.1 at 2014-07-14 05:26:18 -0500


Started GET "/assets/jquery.js?body=1" for 127.0.0.1 at 2014-07-14 05:26:18 -0500


Started GET "/assets/recipes.css?body=1" for 127.0.0.1 at 2014-07-14 05:26:18 -0500


Started GET "/assets/turbolinks.js?body=1" for 127.0.0.1 at 2014-07-14 05:26:18 -0500


Started GET "/assets/recipes.js?body=1" for 127.0.0.1 at 2014-07-14 05:26:18 -0500


Started GET "/assets/application.js?body=1" for 127.0.0.1 at 2014-07-14 05:26:18 -0500


Started GET "/?keyword=apple%20pie" for 127.0.0.1 at 2014-07-14 05:26:27 -0500
Processing by RecipesController#index as HTML
  Parameters: {"keyword"=>"apple pie"}
  Rendered recipes/index.html.erb within layouts/application (0.0ms)
Completed 200 OK in 267ms (Views: 17.0ms | ActiveRecord: 0.0ms)


Started GET "/assets/turbolinks.js?body=1" for 127.0.0.1 at 2014-07-14 05:26:27 -0500


Started GET "/assets/application.css?body=1" for 127.0.0.1 at 2014-07-14 05:26:27 -0500


Started GET "/assets/jquery.js?body=1" for 127.0.0.1 at 2014-07-14 05:26:27 -0500


Started GET "/assets/recipes.css?body=1" for 127.0.0.1 at 2014-07-14 05:26:27 -0500


Started GET "/assets/jquery_ujs.js?body=1" for 127.0.0.1 at 2014-07-14 05:26:27 -0500


Started GET "/assets/recipes.js?body=1" for 127.0.0.1 at 2014-07-14 05:26:28 -0500


Started GET "/assets/application.js?body=1" for 127.0.0.1 at 2014-07-14 05:26:28 -0500


Started GET "/?keyword=apple%20pie" for 127.0.0.1 at 2014-07-14 05:27:06 -0500
Processing by RecipesController#index as HTML
  Parameters: {"keyword"=>"apple pie"}
  Rendered recipes/index.html.erb within layouts/application (7.0ms)
Completed 200 OK in 286ms (Views: 26.0ms | ActiveRecord: 0.0ms)


Started GET "/assets/application.css?body=1" for 127.0.0.1 at 2014-07-14 05:27:06 -0500


Started GET "/assets/recipes.css?body=1" for 127.0.0.1 at 2014-07-14 05:27:06 -0500


Started GET "/assets/jquery.js?body=1" for 127.0.0.1 at 2014-07-14 05:27:06 -0500


Started GET "/assets/jquery_ujs.js?body=1" for 127.0.0.1 at 2014-07-14 05:27:06 -0500


Started GET "/assets/turbolinks.js?body=1" for 127.0.0.1 at 2014-07-14 05:27:06 -0500


Started GET "/assets/recipes.js?body=1" for 127.0.0.1 at 2014-07-14 05:27:06 -0500


Started GET "/assets/application.js?body=1" for 127.0.0.1 at 2014-07-14 05:27:07 -0500


Started GET "/?keyword=apple%20pie" for 127.0.0.1 at 2014-07-14 05:27:33 -0500
Processing by RecipesController#index as HTML
  Parameters: {"keyword"=>"apple pie"}
  Rendered recipes/index.html.erb within layouts/application (4.0ms)
Completed 500 Internal Server Error in 259ms

ActionView::Template::Error (wrong number of arguments (3 for 2)):
     8: 	</tr>
     9: 	<% @recs.each do |rec| %>
    10: 	<tr class="<%= cycle('even', 'odd') %>">
    11: 		<td><%= linkt_to image_tag rec["thumbnail"], rec["link"], class: "special link"%></td>
    12: 		<td><%=link_to sanitize(rec["title"]),rec["link"], class: "special link" %></td>
    13: 		<td><%= sanitize(rec["ingredients"])  %></td>
    14: 		
  app/views/recipes/index.html.erb:11:in `block in _app_views_recipes_index_html_erb___520730591_37602060'
  app/views/recipes/index.html.erb:9:in `each'
  app/views/recipes/index.html.erb:9:in `_app_views_recipes_index_html_erb___520730591_37602060'


  Rendered C:/RailsInstaller/Ruby1.9.3/lib/ruby/gems/1.9.1/gems/actionpack-4.1.1/lib/action_dispatch/middleware/templates/rescues/_trace.html.erb (1.0ms)
  Rendered C:/RailsInstaller/Ruby1.9.3/lib/ruby/gems/1.9.1/gems/actionpack-4.1.1/lib/action_dispatch/middleware/templates/rescues/_request_and_response.html.erb (0.0ms)
  Rendered C:/RailsInstaller/Ruby1.9.3/lib/ruby/gems/1.9.1/gems/actionpack-4.1.1/lib/action_dispatch/middleware/templates/rescues/template_error.html.erb within rescues/layout (26.0ms)


Started GET "/?keyword=apple%20pie" for 127.0.0.1 at 2014-07-14 05:27:53 -0500
Processing by RecipesController#index as HTML
  Parameters: {"keyword"=>"apple pie"}
  Rendered recipes/index.html.erb within layouts/application (28.0ms)
Completed 500 Internal Server Error in 293ms

ActionView::Template::Error (undefined method `linkt_to' for #<#<Class:0x4f29de0>:0x478b030>):
     8: 	</tr>
     9: 	<% @recs.each do |rec| %>
    10: 	<tr class="<%= cycle('even', 'odd') %>">
    11: 		<td><%= linkt_to image_tag(rec["thumbnail"]), rec["link"], class: "special link"%></td>
    12: 		<td><%=link_to sanitize(rec["title"]),rec["link"], class: "special link" %></td>
    13: 		<td><%= sanitize(rec["ingredients"])  %></td>
    14: 		
  app/views/recipes/index.html.erb:11:in `block in _app_views_recipes_index_html_erb___520730591_37525248'
  app/views/recipes/index.html.erb:9:in `each'
  app/views/recipes/index.html.erb:9:in `_app_views_recipes_index_html_erb___520730591_37525248'


  Rendered C:/RailsInstaller/Ruby1.9.3/lib/ruby/gems/1.9.1/gems/actionpack-4.1.1/lib/action_dispatch/middleware/templates/rescues/_trace.html.erb (0.0ms)
  Rendered C:/RailsInstaller/Ruby1.9.3/lib/ruby/gems/1.9.1/gems/actionpack-4.1.1/lib/action_dispatch/middleware/templates/rescues/_request_and_response.html.erb (0.0ms)
  Rendered C:/RailsInstaller/Ruby1.9.3/lib/ruby/gems/1.9.1/gems/actionpack-4.1.1/lib/action_dispatch/middleware/templates/rescues/template_error.html.erb within rescues/layout (15.0ms)


Started GET "/?keyword=apple%20pie" for 127.0.0.1 at 2014-07-14 05:27:54 -0500
Processing by RecipesController#index as HTML
  Parameters: {"keyword"=>"apple pie"}
  Rendered recipes/index.html.erb within layouts/application (12.0ms)
Completed 500 Internal Server Error in 273ms

ActionView::Template::Error (undefined method `linkt_to' for #<#<Class:0x4f29de0>:0x4fc7bc8>):
     8: 	</tr>
     9: 	<% @recs.each do |rec| %>
    10: 	<tr class="<%= cycle('even', 'odd') %>">
    11: 		<td><%= linkt_to image_tag(rec["thumbnail"]), rec["link"], class: "special link"%></td>
    12: 		<td><%=link_to sanitize(rec["title"]),rec["link"], class: "special link" %></td>
    13: 		<td><%= sanitize(rec["ingredients"])  %></td>
    14: 		
  app/views/recipes/index.html.erb:11:in `block in _app_views_recipes_index_html_erb___520730591_37525248'
  app/views/recipes/index.html.erb:9:in `each'
  app/views/recipes/index.html.erb:9:in `_app_views_recipes_index_html_erb___520730591_37525248'


  Rendered C:/RailsInstaller/Ruby1.9.3/lib/ruby/gems/1.9.1/gems/actionpack-4.1.1/lib/action_dispatch/middleware/templates/rescues/_trace.html.erb (1.0ms)
  Rendered C:/RailsInstaller/Ruby1.9.3/lib/ruby/gems/1.9.1/gems/actionpack-4.1.1/lib/action_dispatch/middleware/templates/rescues/_request_and_response.html.erb (0.0ms)
  Rendered C:/RailsInstaller/Ruby1.9.3/lib/ruby/gems/1.9.1/gems/actionpack-4.1.1/lib/action_dispatch/middleware/templates/rescues/template_error.html.erb within rescues/layout (29.1ms)


Started GET "/?keyword=apple%20pie" for 127.0.0.1 at 2014-07-14 05:27:55 -0500
Processing by RecipesController#index as HTML
  Parameters: {"keyword"=>"apple pie"}
  Rendered recipes/index.html.erb within layouts/application (19.0ms)
Completed 500 Internal Server Error in 265ms

ActionView::Template::Error (undefined method `linkt_to' for #<#<Class:0x4f29de0>:0x4827fd8>):
     8: 	</tr>
     9: 	<% @recs.each do |rec| %>
    10: 	<tr class="<%= cycle('even', 'odd') %>">
    11: 		<td><%= linkt_to image_tag(rec["thumbnail"]), rec["link"], class: "special link"%></td>
    12: 		<td><%=link_to sanitize(rec["title"]),rec["link"], class: "special link" %></td>
    13: 		<td><%= sanitize(rec["ingredients"])  %></td>
    14: 		
  app/views/recipes/index.html.erb:11:in `block in _app_views_recipes_index_html_erb___520730591_37525248'
  app/views/recipes/index.html.erb:9:in `each'
  app/views/recipes/index.html.erb:9:in `_app_views_recipes_index_html_erb___520730591_37525248'


  Rendered C:/RailsInstaller/Ruby1.9.3/lib/ruby/gems/1.9.1/gems/actionpack-4.1.1/lib/action_dispatch/middleware/templates/rescues/_trace.html.erb (1.0ms)
  Rendered C:/RailsInstaller/Ruby1.9.3/lib/ruby/gems/1.9.1/gems/actionpack-4.1.1/lib/action_dispatch/middleware/templates/rescues/_request_and_response.html.erb (1.0ms)
  Rendered C:/RailsInstaller/Ruby1.9.3/lib/ruby/gems/1.9.1/gems/actionpack-4.1.1/lib/action_dispatch/middleware/templates/rescues/template_error.html.erb within rescues/layout (14.0ms)


Started GET "/?keyword=apple%20pie" for 127.0.0.1 at 2014-07-14 05:28:05 -0500
Processing by RecipesController#index as HTML
  Parameters: {"keyword"=>"apple pie"}
  Rendered recipes/index.html.erb within layouts/application (12.0ms)
Completed 200 OK in 277ms (Views: 31.0ms | ActiveRecord: 0.0ms)


Started GET "/assets/application.css?body=1" for 127.0.0.1 at 2014-07-14 05:28:06 -0500


Started GET "/assets/jquery.js?body=1" for 127.0.0.1 at 2014-07-14 05:28:06 -0500


Started GET "/assets/recipes.css?body=1" for 127.0.0.1 at 2014-07-14 05:28:06 -0500


Started GET "/assets/jquery_ujs.js?body=1" for 127.0.0.1 at 2014-07-14 05:28:06 -0500


Started GET "/assets/recipes.js?body=1" for 127.0.0.1 at 2014-07-14 05:28:06 -0500


Started GET "/assets/turbolinks.js?body=1" for 127.0.0.1 at 2014-07-14 05:28:06 -0500


Started GET "/assets/application.js?body=1" for 127.0.0.1 at 2014-07-14 05:28:06 -0500


Started GET "/?keyword=mocha" for 127.0.0.1 at 2014-07-14 05:29:16 -0500
Processing by RecipesController#index as HTML
  Parameters: {"keyword"=>"mocha"}
  Rendered recipes/index.html.erb within layouts/application (10.0ms)
Completed 200 OK in 281ms (Views: 23.0ms | ActiveRecord: 0.0ms)


Started GET "/assets/jquery_ujs.js?body=1" for 127.0.0.1 at 2014-07-14 05:29:17 -0500


Started GET "/assets/turbolinks.js?body=1" for 127.0.0.1 at 2014-07-14 05:29:17 -0500


Started GET "/assets/jquery.js?body=1" for 127.0.0.1 at 2014-07-14 05:29:17 -0500


Started GET "/assets/application.css?body=1" for 127.0.0.1 at 2014-07-14 05:29:17 -0500


Started GET "/assets/recipes.js?body=1" for 127.0.0.1 at 2014-07-14 05:29:17 -0500


Started GET "/assets/recipes.css?body=1" for 127.0.0.1 at 2014-07-14 05:29:17 -0500


Started GET "/assets/application.js?body=1" for 127.0.0.1 at 2014-07-14 05:29:17 -0500


Started GET "/?keyword=apple%20pie" for 127.0.0.1 at 2014-07-14 05:31:43 -0500
Processing by RecipesController#index as HTML
  Parameters: {"keyword"=>"apple pie"}
  Rendered recipes/index.html.erb within layouts/application (0.0ms)
Completed 200 OK in 280ms (Views: 20.0ms | ActiveRecord: 0.0ms)


Started GET "/assets/recipes.css?body=1" for 127.0.0.1 at 2014-07-14 05:31:43 -0500


Started GET "/assets/turbolinks.js?body=1" for 127.0.0.1 at 2014-07-14 05:31:43 -0500


Started GET "/assets/jquery.js?body=1" for 127.0.0.1 at 2014-07-14 05:31:43 -0500


Started GET "/assets/application.css?body=1" for 127.0.0.1 at 2014-07-14 05:31:43 -0500


Started GET "/assets/jquery_ujs.js?body=1" for 127.0.0.1 at 2014-07-14 05:31:43 -0500


Started GET "/assets/recipes.js?body=1" for 127.0.0.1 at 2014-07-14 05:31:43 -0500


Started GET "/assets/application.js?body=1" for 127.0.0.1 at 2014-07-14 05:31:43 -0500


Started GET "/?keyword=apple%20pie" for 127.0.0.1 at 2014-07-14 05:32:12 -0500
Processing by RecipesController#index as HTML
  Parameters: {"keyword"=>"apple pie"}
Completed 500 Internal Server Error in 4ms

URI::InvalidURIError (bad URI(is not URI?): apple pie):
  app/models/recipe.rb:12:in `for'
  app/controllers/recipes_controller.rb:4:in `index'


  Rendered C:/RailsInstaller/Ruby1.9.3/lib/ruby/gems/1.9.1/gems/actionpack-4.1.1/lib/action_dispatch/middleware/templates/rescues/_source.erb (0.0ms)
  Rendered C:/RailsInstaller/Ruby1.9.3/lib/ruby/gems/1.9.1/gems/actionpack-4.1.1/lib/action_dispatch/middleware/templates/rescues/_trace.html.erb (0.0ms)
  Rendered C:/RailsInstaller/Ruby1.9.3/lib/ruby/gems/1.9.1/gems/actionpack-4.1.1/lib/action_dispatch/middleware/templates/rescues/_request_and_response.html.erb (1.0ms)
  Rendered C:/RailsInstaller/Ruby1.9.3/lib/ruby/gems/1.9.1/gems/actionpack-4.1.1/lib/action_dispatch/middleware/templates/rescues/diagnostics.erb within rescues/layout (28.0ms)


Started GET "/?keyword=apple%20pie" for 127.0.0.1 at 2014-07-14 05:33:14 -0500
Processing by RecipesController#index as HTML
  Parameters: {"keyword"=>"apple pie"}
  Rendered recipes/index.html.erb within layouts/application (0.0ms)
Completed 200 OK in 264ms (Views: 17.0ms | ActiveRecord: 0.0ms)


Started GET "/assets/recipes.css?body=1" for 127.0.0.1 at 2014-07-14 05:33:14 -0500


Started GET "/assets/turbolinks.js?body=1" for 127.0.0.1 at 2014-07-14 05:33:14 -0500


Started GET "/assets/jquery_ujs.js?body=1" for 127.0.0.1 at 2014-07-14 05:33:14 -0500


Started GET "/assets/recipes.js?body=1" for 127.0.0.1 at 2014-07-14 05:33:14 -0500


Started GET "/assets/jquery.js?body=1" for 127.0.0.1 at 2014-07-14 05:33:14 -0500


Started GET "/assets/application.css?body=1" for 127.0.0.1 at 2014-07-14 05:33:14 -0500


Started GET "/assets/application.js?body=1" for 127.0.0.1 at 2014-07-14 05:33:14 -0500


Started GET "/assets/turbolinks.js?body=1" for 127.0.0.1 at 2014-07-14 05:33:14 -0500


Started GET "/?keyword=apple%20pie" for 127.0.0.1 at 2014-07-14 05:33:17 -0500
Processing by RecipesController#index as HTML
  Parameters: {"keyword"=>"apple pie"}
  Rendered recipes/index.html.erb within layouts/application (0.0ms)
Completed 200 OK in 265ms (Views: 18.0ms | ActiveRecord: 0.0ms)


Started GET "/assets/recipes.css?body=1" for 127.0.0.1 at 2014-07-14 05:33:17 -0500


Started GET "/assets/application.css?body=1" for 127.0.0.1 at 2014-07-14 05:33:17 -0500


Started GET "/assets/jquery_ujs.js?body=1" for 127.0.0.1 at 2014-07-14 05:33:17 -0500


Started GET "/assets/jquery.js?body=1" for 127.0.0.1 at 2014-07-14 05:33:17 -0500


Started GET "/assets/turbolinks.js?body=1" for 127.0.0.1 at 2014-07-14 05:33:17 -0500


Started GET "/assets/recipes.js?body=1" for 127.0.0.1 at 2014-07-14 05:33:17 -0500


Started GET "/assets/application.js?body=1" for 127.0.0.1 at 2014-07-14 05:33:17 -0500


Started GET "/?keyword=apple%20pie" for 127.0.0.1 at 2014-07-14 05:33:24 -0500
Processing by RecipesController#index as HTML
  Parameters: {"keyword"=>"apple pie"}
  Rendered recipes/index.html.erb within layouts/application (0.0ms)
Completed 200 OK in 271ms (Views: 13.0ms | ActiveRecord: 0.0ms)


Started GET "/assets/recipes.css?body=1" for 127.0.0.1 at 2014-07-14 05:33:25 -0500


Started GET "/assets/jquery.js?body=1" for 127.0.0.1 at 2014-07-14 05:33:25 -0500


Started GET "/assets/application.css?body=1" for 127.0.0.1 at 2014-07-14 05:33:25 -0500


Started GET "/assets/jquery_ujs.js?body=1" for 127.0.0.1 at 2014-07-14 05:33:25 -0500


Started GET "/assets/turbolinks.js?body=1" for 127.0.0.1 at 2014-07-14 05:33:25 -0500


Started GET "/assets/recipes.js?body=1" for 127.0.0.1 at 2014-07-14 05:33:25 -0500


Started GET "/assets/application.js?body=1" for 127.0.0.1 at 2014-07-14 05:33:25 -0500


Started GET "/?keyword=apple%20pie" for 127.0.0.1 at 2014-07-14 05:33:28 -0500
Processing by RecipesController#index as HTML
  Parameters: {"keyword"=>"apple pie"}
  Rendered recipes/index.html.erb within layouts/application (0.0ms)
Completed 200 OK in 235ms (Views: 10.0ms | ActiveRecord: 0.0ms)


Started GET "/assets/jquery_ujs.js?body=1" for 127.0.0.1 at 2014-07-14 05:33:28 -0500


Started GET "/assets/application.css?body=1" for 127.0.0.1 at 2014-07-14 05:33:28 -0500


Started GET "/assets/jquery.js?body=1" for 127.0.0.1 at 2014-07-14 05:33:28 -0500


Started GET "/assets/recipes.css?body=1" for 127.0.0.1 at 2014-07-14 05:33:28 -0500


Started GET "/assets/turbolinks.js?body=1" for 127.0.0.1 at 2014-07-14 05:33:28 -0500


Started GET "/assets/recipes.js?body=1" for 127.0.0.1 at 2014-07-14 05:33:28 -0500


Started GET "/assets/application.js?body=1" for 127.0.0.1 at 2014-07-14 05:33:28 -0500


Started GET "/?keyword=apple%20pie" for 127.0.0.1 at 2014-07-14 05:33:33 -0500
Processing by RecipesController#index as HTML
  Parameters: {"keyword"=>"apple pie"}
  Rendered recipes/index.html.erb within layouts/application (1.0ms)
Completed 200 OK in 260ms (Views: 8.0ms | ActiveRecord: 0.0ms)


Started GET "/assets/jquery_ujs.js?body=1" for 127.0.0.1 at 2014-07-14 05:33:33 -0500


Started GET "/assets/jquery.js?body=1" for 127.0.0.1 at 2014-07-14 05:33:33 -0500


Started GET "/assets/application.css?body=1" for 127.0.0.1 at 2014-07-14 05:33:33 -0500


Started GET "/assets/recipes.css?body=1" for 127.0.0.1 at 2014-07-14 05:33:33 -0500


Started GET "/assets/turbolinks.js?body=1" for 127.0.0.1 at 2014-07-14 05:33:34 -0500


Started GET "/assets/recipes.js?body=1" for 127.0.0.1 at 2014-07-14 05:33:34 -0500


Started GET "/assets/application.js?body=1" for 127.0.0.1 at 2014-07-14 05:33:34 -0500


Started GET "/?keyword=apple%20pie" for 127.0.0.1 at 2014-07-14 05:33:51 -0500
Processing by RecipesController#index as HTML
  Parameters: {"keyword"=>"apple pie"}
  Rendered recipes/index.html.erb within layouts/application (0.0ms)
Completed 200 OK in 225ms (Views: 5.0ms | ActiveRecord: 0.0ms)


Started GET "/assets/application.css?body=1" for 127.0.0.1 at 2014-07-14 05:33:51 -0500


Started GET "/assets/jquery_ujs.js?body=1" for 127.0.0.1 at 2014-07-14 05:33:51 -0500


Started GET "/assets/jquery.js?body=1" for 127.0.0.1 at 2014-07-14 05:33:51 -0500


Started GET "/assets/turbolinks.js?body=1" for 127.0.0.1 at 2014-07-14 05:33:51 -0500


Started GET "/assets/recipes.css?body=1" for 127.0.0.1 at 2014-07-14 05:33:51 -0500


Started GET "/assets/recipes.js?body=1" for 127.0.0.1 at 2014-07-14 05:33:52 -0500


Started GET "/assets/application.js?body=1" for 127.0.0.1 at 2014-07-14 05:33:52 -0500


Started GET "/assets/jquery_ujs.js?body=1" for 127.0.0.1 at 2014-07-14 05:33:52 -0500


Started GET "/?keyword=apple%20pie" for 127.0.0.1 at 2014-07-14 05:35:08 -0500
Processing by RecipesController#index as HTML
  Parameters: {"keyword"=>"apple pie"}
  Rendered recipes/index.html.erb within layouts/application (11.0ms)
Completed 200 OK in 297ms (Views: 30.0ms | ActiveRecord: 0.0ms)


Started GET "/assets/application.css?body=1" for 127.0.0.1 at 2014-07-14 05:35:09 -0500


Started GET "/assets/turbolinks.js?body=1" for 127.0.0.1 at 2014-07-14 05:35:09 -0500


Started GET "/assets/jquery.js?body=1" for 127.0.0.1 at 2014-07-14 05:35:09 -0500


Started GET "/assets/recipes.css?body=1" for 127.0.0.1 at 2014-07-14 05:35:09 -0500


Started GET "/assets/jquery_ujs.js?body=1" for 127.0.0.1 at 2014-07-14 05:35:09 -0500


Started GET "/assets/recipes.js?body=1" for 127.0.0.1 at 2014-07-14 05:35:09 -0500


Started GET "/assets/application.js?body=1" for 127.0.0.1 at 2014-07-14 05:35:09 -0500


Started GET "/?keyword=apple%20pie" for 127.0.0.1 at 2014-07-14 05:35:21 -0500
Processing by RecipesController#index as HTML
  Parameters: {"keyword"=>"apple pie"}
  Rendered recipes/index.html.erb within layouts/application (12.0ms)
Completed 200 OK in 303ms (Views: 31.0ms | ActiveRecord: 0.0ms)


Started GET "/assets/turbolinks.js?body=1" for 127.0.0.1 at 2014-07-14 05:35:22 -0500


Started GET "/assets/application.css?body=1" for 127.0.0.1 at 2014-07-14 05:35:22 -0500


Started GET "/assets/recipes.css?body=1" for 127.0.0.1 at 2014-07-14 05:35:22 -0500


Started GET "/assets/jquery.js?body=1" for 127.0.0.1 at 2014-07-14 05:35:22 -0500


Started GET "/assets/jquery_ujs.js?body=1" for 127.0.0.1 at 2014-07-14 05:35:22 -0500


Started GET "/assets/recipes.js?body=1" for 127.0.0.1 at 2014-07-14 05:35:22 -0500


Started GET "/assets/application.js?body=1" for 127.0.0.1 at 2014-07-14 05:35:22 -0500


Started GET "/?keyword=apple%20pie" for 127.0.0.1 at 2014-07-14 05:37:13 -0500
Processing by RecipesController#index as HTML
  Parameters: {"keyword"=>"apple pie"}
Completed 500 Internal Server Error in 4ms

URI::InvalidURIError (bad URI(is not URI?): apple pie):
  app/models/recipe.rb:12:in `for'
  app/controllers/recipes_controller.rb:4:in `index'


  Rendered C:/RailsInstaller/Ruby1.9.3/lib/ruby/gems/1.9.1/gems/actionpack-4.1.1/lib/action_dispatch/middleware/templates/rescues/_source.erb (0.0ms)
  Rendered C:/RailsInstaller/Ruby1.9.3/lib/ruby/gems/1.9.1/gems/actionpack-4.1.1/lib/action_dispatch/middleware/templates/rescues/_trace.html.erb (1.0ms)
  Rendered C:/RailsInstaller/Ruby1.9.3/lib/ruby/gems/1.9.1/gems/actionpack-4.1.1/lib/action_dispatch/middleware/templates/rescues/_request_and_response.html.erb (0.0ms)
  Rendered C:/RailsInstaller/Ruby1.9.3/lib/ruby/gems/1.9.1/gems/actionpack-4.1.1/lib/action_dispatch/middleware/templates/rescues/diagnostics.erb within rescues/layout (23.0ms)


Started GET "/?keyword=apple%20pie" for 127.0.0.1 at 2014-07-14 05:37:31 -0500
Processing by RecipesController#index as HTML
  Parameters: {"keyword"=>"apple pie"}
  Rendered recipes/index.html.erb within layouts/application (11.0ms)
Completed 200 OK in 286ms (Views: 30.1ms | ActiveRecord: 0.0ms)


Started GET "/assets/jquery_ujs.js?body=1" for 127.0.0.1 at 2014-07-14 05:37:32 -0500


Started GET "/assets/recipes.js?body=1" for 127.0.0.1 at 2014-07-14 05:37:32 -0500


Started GET "/assets/turbolinks.js?body=1" for 127.0.0.1 at 2014-07-14 05:37:32 -0500


Started GET "/assets/application.css?body=1" for 127.0.0.1 at 2014-07-14 05:37:32 -0500


Started GET "/assets/jquery.js?body=1" for 127.0.0.1 at 2014-07-14 05:37:32 -0500


Started GET "/assets/recipes.css?body=1" for 127.0.0.1 at 2014-07-14 05:37:32 -0500


Started GET "/assets/application.js?body=1" for 127.0.0.1 at 2014-07-14 05:37:32 -0500


Started GET "/?keyword=apple%20pie" for 127.0.0.1 at 2014-07-14 07:49:08 -0500
Processing by RecipesController#index as HTML
  Parameters: {"keyword"=>"apple pie"}
  Rendered recipes/index.html.erb within layouts/application (21.0ms)
Completed 200 OK in 416ms (Views: 108.1ms | ActiveRecord: 0.0ms)


Started GET "/assets/recipes.css?body=1" for 127.0.0.1 at 2014-07-14 07:49:09 -0500


Started GET "/assets/jquery.js?body=1" for 127.0.0.1 at 2014-07-14 07:49:09 -0500


Started GET "/assets/jquery_ujs.js?body=1" for 127.0.0.1 at 2014-07-14 07:49:09 -0500


Started GET "/assets/application.css?body=1" for 127.0.0.1 at 2014-07-14 07:49:09 -0500


Started GET "/assets/turbolinks.js?body=1" for 127.0.0.1 at 2014-07-14 07:49:09 -0500


Started GET "/assets/recipes.js?body=1" for 127.0.0.1 at 2014-07-14 07:49:09 -0500


Started GET "/assets/application.js?body=1" for 127.0.0.1 at 2014-07-14 07:49:09 -0500


Started GET "/recipes/index" for 127.0.0.1 at 2014-07-14 07:49:13 -0500
Processing by RecipesController#index as HTML
  Rendered recipes/index.html.erb within layouts/application (8.0ms)
Completed 200 OK in 271ms (Views: 20.0ms | ActiveRecord: 0.0ms)


Started GET "/recipes/index" for 127.0.0.1 at 2014-07-14 07:49:15 -0500
Processing by RecipesController#index as HTML
  Rendered recipes/index.html.erb within layouts/application (7.0ms)
Completed 200 OK in 275ms (Views: 25.0ms | ActiveRecord: 0.0ms)


Started GET "/recipes/index" for 127.0.0.1 at 2014-07-14 07:49:53 -0500
Processing by RecipesController#index as HTML
  Rendered recipes/index.html.erb within layouts/application (7.0ms)
Completed 200 OK in 310ms (Views: 18.0ms | ActiveRecord: 0.0ms)


Started GET "/recipes/?keyword=apple%20pie" for 127.0.0.1 at 2014-07-14 07:50:23 -0500

ActionController::RoutingError (No route matches [GET] "/recipes"):
  actionpack (4.1.1) lib/action_dispatch/middleware/debug_exceptions.rb:21:in `call'
  actionpack (4.1.1) lib/action_dispatch/middleware/show_exceptions.rb:30:in `call'
  railties (4.1.1) lib/rails/rack/logger.rb:38:in `call_app'
  railties (4.1.1) lib/rails/rack/logger.rb:20:in `block in call'
  activesupport (4.1.1) lib/active_support/tagged_logging.rb:68:in `block in tagged'
  activesupport (4.1.1) lib/active_support/tagged_logging.rb:26:in `tagged'
  activesupport (4.1.1) lib/active_support/tagged_logging.rb:68:in `tagged'
  railties (4.1.1) lib/rails/rack/logger.rb:20:in `call'
  actionpack (4.1.1) lib/action_dispatch/middleware/request_id.rb:21:in `call'
  rack (1.5.2) lib/rack/methodoverride.rb:21:in `call'
  rack (1.5.2) lib/rack/runtime.rb:17:in `call'
  activesupport (4.1.1) lib/active_support/cache/strategy/local_cache_middleware.rb:26:in `call'
  rack (1.5.2) lib/rack/lock.rb:17:in `call'
  actionpack (4.1.1) lib/action_dispatch/middleware/static.rb:64:in `call'
  rack (1.5.2) lib/rack/sendfile.rb:112:in `call'
  railties (4.1.1) lib/rails/engine.rb:514:in `call'
  railties (4.1.1) lib/rails/application.rb:144:in `call'
  rack (1.5.2) lib/rack/lock.rb:17:in `call'
  rack (1.5.2) lib/rack/content_length.rb:14:in `call'
  rack (1.5.2) lib/rack/handler/webrick.rb:60:in `service'
  C:/RailsInstaller/Ruby1.9.3/lib/ruby/1.9.1/webrick/httpserver.rb:138:in `service'
  C:/RailsInstaller/Ruby1.9.3/lib/ruby/1.9.1/webrick/httpserver.rb:94:in `run'
  C:/RailsInstaller/Ruby1.9.3/lib/ruby/1.9.1/webrick/server.rb:191:in `block in start_thread'


  Rendered C:/RailsInstaller/Ruby1.9.3/lib/ruby/gems/1.9.1/gems/actionpack-4.1.1/lib/action_dispatch/middleware/templates/rescues/_trace.html.erb (1.0ms)
  Rendered C:/RailsInstaller/Ruby1.9.3/lib/ruby/gems/1.9.1/gems/actionpack-4.1.1/lib/action_dispatch/middleware/templates/routes/_route.html.erb (1.0ms)
  Rendered C:/RailsInstaller/Ruby1.9.3/lib/ruby/gems/1.9.1/gems/actionpack-4.1.1/lib/action_dispatch/middleware/templates/routes/_table.html.erb (25.0ms)
  Rendered C:/RailsInstaller/Ruby1.9.3/lib/ruby/gems/1.9.1/gems/actionpack-4.1.1/lib/action_dispatch/middleware/templates/rescues/routing_error.html.erb within rescues/layout (64.1ms)


Started GET "/?keyword=apple%20pie" for 127.0.0.1 at 2014-07-14 07:50:38 -0500
Processing by RecipesController#index as HTML
  Parameters: {"keyword"=>"apple pie"}
  Rendered recipes/index.html.erb within layouts/application (5.0ms)
Completed 200 OK in 318ms (Views: 18.0ms | ActiveRecord: 0.0ms)


Started GET "/assets/jquery.js?body=1" for 127.0.0.1 at 2014-07-14 07:50:39 -0500


Started GET "/assets/application.css?body=1" for 127.0.0.1 at 2014-07-14 07:50:39 -0500


Started GET "/assets/recipes.css?body=1" for 127.0.0.1 at 2014-07-14 07:50:39 -0500


Started GET "/assets/jquery_ujs.js?body=1" for 127.0.0.1 at 2014-07-14 07:50:39 -0500


Started GET "/assets/turbolinks.js?body=1" for 127.0.0.1 at 2014-07-14 07:50:39 -0500


Started GET "/assets/recipes.js?body=1" for 127.0.0.1 at 2014-07-14 07:50:39 -0500


Started GET "/assets/application.js?body=1" for 127.0.0.1 at 2014-07-14 07:50:39 -0500


Started GET "/?keyword=apple%20pie" for 127.0.0.1 at 2014-07-14 07:53:28 -0500
Processing by RecipesController#index as HTML
  Parameters: {"keyword"=>"apple pie"}
  Rendered recipes/index.html.erb within layouts/application (19.0ms)
Completed 200 OK in 390ms (Views: 118.1ms | ActiveRecord: 0.0ms)


Started GET "/assets/recipes.css?body=1" for 127.0.0.1 at 2014-07-14 07:53:29 -0500


Started GET "/assets/jquery.js?body=1" for 127.0.0.1 at 2014-07-14 07:53:29 -0500


Started GET "/assets/recipes.js?body=1" for 127.0.0.1 at 2014-07-14 07:53:29 -0500


Started GET "/assets/turbolinks.js?body=1" for 127.0.0.1 at 2014-07-14 07:53:29 -0500


Started GET "/assets/jquery_ujs.js?body=1" for 127.0.0.1 at 2014-07-14 07:53:29 -0500


Started GET "/assets/application.css?body=1" for 127.0.0.1 at 2014-07-14 07:53:29 -0500


Started GET "/assets/application.js?body=1" for 127.0.0.1 at 2014-07-14 07:53:29 -0500


Started GET "/?keyword=apple" for 127.0.0.1 at 2014-07-14 07:53:36 -0500
Processing by RecipesController#index as HTML
  Parameters: {"keyword"=>"apple"}
  Rendered recipes/index.html.erb within layouts/application (3.0ms)
Completed 200 OK in 308ms (Views: 24.0ms | ActiveRecord: 0.0ms)


Started GET "/assets/jquery.js?body=1" for 127.0.0.1 at 2014-07-14 07:53:36 -0500


Started GET "/assets/application.css?body=1" for 127.0.0.1 at 2014-07-14 07:53:36 -0500


Started GET "/assets/recipes.css?body=1" for 127.0.0.1 at 2014-07-14 07:53:36 -0500


Started GET "/assets/jquery_ujs.js?body=1" for 127.0.0.1 at 2014-07-14 07:53:36 -0500


Started GET "/assets/turbolinks.js?body=1" for 127.0.0.1 at 2014-07-14 07:53:36 -0500


Started GET "/assets/recipes.js?body=1" for 127.0.0.1 at 2014-07-14 07:53:36 -0500


Started GET "/assets/application.js?body=1" for 127.0.0.1 at 2014-07-14 07:53:37 -0500
